--------------- Clean Started: 04/29/2016 16:24:00 Project: BLE_Proximity01, Configuration: ARM GCC 4.9-2015-q1-update Debug ---------------
Deleting file ".\CortexM0\ARM_GCC_493\Debug\main.o"
Deleting file ".\CortexM0\ARM_GCC_493\Debug\lls.o"
Deleting file ".\CortexM0\ARM_GCC_493\Debug\tps.o"
Deleting file ".\CortexM0\ARM_GCC_493\Debug\debug.o"
Deleting file ".\CortexM0\ARM_GCC_493\Debug\cyfitter_cfg.o"
Deleting file ".\CortexM0\ARM_GCC_493\Debug\cymetadata.o"
Deleting file ".\CortexM0\ARM_GCC_493\Debug\UART_DEB.o"
Deleting file ".\CortexM0\ARM_GCC_493\Debug\UART_DEB_SPI_UART.o"
Deleting file ".\CortexM0\ARM_GCC_493\Debug\UART_DEB_SPI_UART_INT.o"
Deleting file ".\CortexM0\ARM_GCC_493\Debug\UART_DEB_PM.o"
Deleting file ".\CortexM0\ARM_GCC_493\Debug\UART_DEB_UART.o"
Deleting file ".\CortexM0\ARM_GCC_493\Debug\UART_DEB_BOOT.o"
Deleting file ".\CortexM0\ARM_GCC_493\Debug\UART_DEB_UART_BOOT.o"
Deleting file ".\CortexM0\ARM_GCC_493\Debug\Disconnect_LED.o"
Deleting file ".\CortexM0\ARM_GCC_493\Debug\Disconnect_LED_PM.o"
Deleting file ".\CortexM0\ARM_GCC_493\Debug\Alert_LED.o"
Deleting file ".\CortexM0\ARM_GCC_493\Debug\Alert_LED_PM.o"
Deleting file ".\CortexM0\ARM_GCC_493\Debug\CYBLE.o"
Deleting file ".\CortexM0\ARM_GCC_493\Debug\CYBLE_gatt.o"
Deleting file ".\CortexM0\ARM_GCC_493\Debug\CYBLE_lls.o"
Deleting file ".\CortexM0\ARM_GCC_493\Debug\CYBLE_tps.o"
Deleting file ".\CortexM0\ARM_GCC_493\Debug\CYBLE_eventHandler.o"
Deleting file ".\CortexM0\ARM_GCC_493\Debug\CYBLE_HAL_INT.o"
Deleting file ".\CortexM0\ARM_GCC_493\Debug\CYBLE_HAL_PVT.o"
Deleting file ".\CortexM0\ARM_GCC_493\Debug\CYBLE_custom.o"
Deleting file ".\CortexM0\ARM_GCC_493\Debug\Advertising_LED.o"
Deleting file ".\CortexM0\ARM_GCC_493\Debug\Advertising_LED_PM.o"
Deleting file ".\CortexM0\ARM_GCC_493\Debug\SW2_Interrupt.o"
Deleting file ".\CortexM0\ARM_GCC_493\Debug\SW2.o"
Deleting file ".\CortexM0\ARM_GCC_493\Debug\SW2_PM.o"
Deleting file ".\CortexM0\ARM_GCC_493\Debug\WDT_Interrupt.o"
Deleting file ".\CortexM0\ARM_GCC_493\Debug\UART_DEB_SCBCLK.o"
Deleting file ".\CortexM0\ARM_GCC_493\Debug\UART_DEB_tx.o"
Deleting file ".\CortexM0\ARM_GCC_493\Debug\UART_DEB_tx_PM.o"
Deleting file ".\CortexM0\ARM_GCC_493\Debug\UART_DEB_rx.o"
Deleting file ".\CortexM0\ARM_GCC_493\Debug\UART_DEB_rx_PM.o"
Deleting file ".\CortexM0\ARM_GCC_493\Debug\CYBLE_bless_isr.o"
Deleting file ".\CortexM0\ARM_GCC_493\Debug\Cm0Start.o"
Deleting file ".\CortexM0\ARM_GCC_493\Debug\CyBootAsmGnu.o"
Deleting file ".\CortexM0\ARM_GCC_493\Debug\CyFlash.o"
Deleting file ".\CortexM0\ARM_GCC_493\Debug\CyLib.o"
Deleting file ".\CortexM0\ARM_GCC_493\Debug\cyPm.o"
Deleting file ".\CortexM0\ARM_GCC_493\Debug\cyutils.o"
Deleting file ".\CortexM0\ARM_GCC_493\Debug\CyLFClk.o"
Deleting file ".\CortexM0\ARM_GCC_493\Debug\Connect_LED.o"
Deleting file ".\CortexM0\ARM_GCC_493\Debug\Connect_LED_PM.o"
Deleting file ".\CortexM0\ARM_GCC_493\Debug\timer_clock.o"
Deleting file ".\CortexM0\ARM_GCC_493\Debug\Timer_1.o"
Deleting file ".\CortexM0\ARM_GCC_493\Debug\Timer_1_PM.o"
Deleting file ".\CortexM0\ARM_GCC_493\Debug\isr_1.o"
Deleting file ".\CortexM0\ARM_GCC_493\Debug\LED.o"
Deleting file ".\CortexM0\ARM_GCC_493\Debug\LED_PM.o"
Deleting file ".\CortexM0\ARM_GCC_493\Debug\BLE_Proximity01.hex"
Deleting file ".\CortexM0\ARM_GCC_493\Debug\BLE_Proximity01.elf"
Deleting file ".\CortexM0\ARM_GCC_493\Debug\BLE_Proximity01.map"
Deleting file ".\BLE_Proximity01.cycdx"
Deleting file ".\BLE_Proximity01.svd"
Deleting file ".\BLE_Proximity01.rpt"
Deleting file ".\BLE_Proximity01_timing.html"
Deleting file ".\CortexM0\ARM_GCC_493\Debug\.deps\C_FILE.P"
Deleting file ".\CortexM0\ARM_GCC_493\Debug\.deps\ARM_C_FILE.P"
Deleting file ".\CortexM0\ARM_GCC_493\Debug\.deps\GNU_ARM_ASM_FILE.P"
--------------- Clean Succeeded: 04/29/2016 16:24:00 ---------------
