ARM GAS  C:\Users\mohammed\AppData\Local\Temp\ccErwikd.s 			page 1


   1              		.cpu cortex-m0
   2              		.fpu softvfp
   3              		.eabi_attribute 20, 1
   4              		.eabi_attribute 21, 1
   5              		.eabi_attribute 23, 3
   6              		.eabi_attribute 24, 1
   7              		.eabi_attribute 25, 1
   8              		.eabi_attribute 26, 1
   9              		.eabi_attribute 30, 6
  10              		.eabi_attribute 34, 0
  11              		.eabi_attribute 18, 4
  12              		.code	16
  13              		.file	"CYBLE_custom.c"
  14              		.text
  15              	.Ltext0:
  16              		.cfi_sections	.debug_frame
  17              		.global	cyBle_customs
  18              		.section	.rodata
  19              		.align	2
  20              		.type	cyBle_customs, %object
  21              		.size	cyBle_customs, 6
  22              	cyBle_customs:
  23 0000 1300     		.short	19
  24 0002 1500     		.short	21
  25 0004 1600     		.short	22
  26 0006 0000     		.section	.text.CyBle_CustomInit,"ax",%progbits
  27              		.align	2
  28              		.global	CyBle_CustomInit
  29              		.code	16
  30              		.thumb_func
  31              		.type	CyBle_CustomInit, %function
  32              	CyBle_CustomInit:
  33              	.LFB2:
  34              		.file 1 ".\\Generated_Source\\PSoC4\\CYBLE_custom.c"
   1:.\Generated_Source\PSoC4/CYBLE_custom.c **** /***************************************************************************//**
   2:.\Generated_Source\PSoC4/CYBLE_custom.c **** * \file CYBLE_custom.c
   3:.\Generated_Source\PSoC4/CYBLE_custom.c **** * \version 3.10
   4:.\Generated_Source\PSoC4/CYBLE_custom.c **** * 
   5:.\Generated_Source\PSoC4/CYBLE_custom.c **** * \brief
   6:.\Generated_Source\PSoC4/CYBLE_custom.c **** *  Contains the source code for the Custom Service.
   7:.\Generated_Source\PSoC4/CYBLE_custom.c **** * 
   8:.\Generated_Source\PSoC4/CYBLE_custom.c **** ********************************************************************************
   9:.\Generated_Source\PSoC4/CYBLE_custom.c **** * \copyright
  10:.\Generated_Source\PSoC4/CYBLE_custom.c **** * Copyright 2014-2016, Cypress Semiconductor Corporation.  All rights reserved.
  11:.\Generated_Source\PSoC4/CYBLE_custom.c **** * You may use this file only in accordance with the license, terms, conditions,
  12:.\Generated_Source\PSoC4/CYBLE_custom.c **** * disclaimers, and limitations in the end user license agreement accompanying
  13:.\Generated_Source\PSoC4/CYBLE_custom.c **** * the software package with which this file was provided.
  14:.\Generated_Source\PSoC4/CYBLE_custom.c **** *******************************************************************************/
  15:.\Generated_Source\PSoC4/CYBLE_custom.c **** 
  16:.\Generated_Source\PSoC4/CYBLE_custom.c **** 
  17:.\Generated_Source\PSoC4/CYBLE_custom.c **** #include "CYBLE_eventHandler.h"
  18:.\Generated_Source\PSoC4/CYBLE_custom.c **** 
  19:.\Generated_Source\PSoC4/CYBLE_custom.c **** #ifdef CYBLE_CUSTOM_SERVER
  20:.\Generated_Source\PSoC4/CYBLE_custom.c **** 
  21:.\Generated_Source\PSoC4/CYBLE_custom.c **** /* If any custom service with custom characterisctis is defined in the
  22:.\Generated_Source\PSoC4/CYBLE_custom.c **** * customizer's GUI their handles will be present in this array.
  23:.\Generated_Source\PSoC4/CYBLE_custom.c **** */
ARM GAS  C:\Users\mohammed\AppData\Local\Temp\ccErwikd.s 			page 2


  24:.\Generated_Source\PSoC4/CYBLE_custom.c **** /* This array contains attribute handles for the defined Custom Services and their characteristics 
  25:.\Generated_Source\PSoC4/CYBLE_custom.c ****    The array index definitions are located in the CYBLE_custom.h file. */
  26:.\Generated_Source\PSoC4/CYBLE_custom.c **** const CYBLE_CUSTOMS_T cyBle_customs[0x01u] = {
  27:.\Generated_Source\PSoC4/CYBLE_custom.c **** 
  28:.\Generated_Source\PSoC4/CYBLE_custom.c ****     /* Custom Service service */
  29:.\Generated_Source\PSoC4/CYBLE_custom.c ****     {
  30:.\Generated_Source\PSoC4/CYBLE_custom.c ****         0x0013u, /* Handle of the Custom Service service */ 
  31:.\Generated_Source\PSoC4/CYBLE_custom.c ****         {
  32:.\Generated_Source\PSoC4/CYBLE_custom.c **** 
  33:.\Generated_Source\PSoC4/CYBLE_custom.c ****             /* Custom Characteristic characteristic */
  34:.\Generated_Source\PSoC4/CYBLE_custom.c ****             {
  35:.\Generated_Source\PSoC4/CYBLE_custom.c ****                 0x0015u, /* Handle of the Custom Characteristic characteristic */ 
  36:.\Generated_Source\PSoC4/CYBLE_custom.c ****                 
  37:.\Generated_Source\PSoC4/CYBLE_custom.c ****                 /* Array of Descriptors handles */
  38:.\Generated_Source\PSoC4/CYBLE_custom.c ****                 {
  39:.\Generated_Source\PSoC4/CYBLE_custom.c ****                     0x0016u, /* Handle of the Client Characteristic Configuration descriptor */ 
  40:.\Generated_Source\PSoC4/CYBLE_custom.c ****                 }, 
  41:.\Generated_Source\PSoC4/CYBLE_custom.c ****             },
  42:.\Generated_Source\PSoC4/CYBLE_custom.c ****         }, 
  43:.\Generated_Source\PSoC4/CYBLE_custom.c ****     },
  44:.\Generated_Source\PSoC4/CYBLE_custom.c **** };
  45:.\Generated_Source\PSoC4/CYBLE_custom.c **** 
  46:.\Generated_Source\PSoC4/CYBLE_custom.c **** 
  47:.\Generated_Source\PSoC4/CYBLE_custom.c **** #endif /* (CYBLE_CUSTOM_SERVER) */
  48:.\Generated_Source\PSoC4/CYBLE_custom.c **** 
  49:.\Generated_Source\PSoC4/CYBLE_custom.c **** #ifdef CYBLE_CUSTOM_CLIENT
  50:.\Generated_Source\PSoC4/CYBLE_custom.c ****     
  51:.\Generated_Source\PSoC4/CYBLE_custom.c **** 
  52:.\Generated_Source\PSoC4/CYBLE_custom.c **** static uint16 cyBle_customDisServIndex;
  53:.\Generated_Source\PSoC4/CYBLE_custom.c **** static uint16 cyBle_customDisCharIndex;
  54:.\Generated_Source\PSoC4/CYBLE_custom.c **** 
  55:.\Generated_Source\PSoC4/CYBLE_custom.c **** #endif /* (CYBLE_CUSTOM_CLIENT) */
  56:.\Generated_Source\PSoC4/CYBLE_custom.c **** 
  57:.\Generated_Source\PSoC4/CYBLE_custom.c **** 
  58:.\Generated_Source\PSoC4/CYBLE_custom.c **** /****************************************************************************** 
  59:.\Generated_Source\PSoC4/CYBLE_custom.c **** * Function Name: CyBle_CustomInit
  60:.\Generated_Source\PSoC4/CYBLE_custom.c **** ***************************************************************************//**
  61:.\Generated_Source\PSoC4/CYBLE_custom.c **** * 
  62:.\Generated_Source\PSoC4/CYBLE_custom.c **** *  This function initializes Custom Service.
  63:.\Generated_Source\PSoC4/CYBLE_custom.c **** * 
  64:.\Generated_Source\PSoC4/CYBLE_custom.c **** * \return
  65:.\Generated_Source\PSoC4/CYBLE_custom.c **** *  None
  66:.\Generated_Source\PSoC4/CYBLE_custom.c **** * 
  67:.\Generated_Source\PSoC4/CYBLE_custom.c **** ******************************************************************************/
  68:.\Generated_Source\PSoC4/CYBLE_custom.c **** void CyBle_CustomInit(void)
  69:.\Generated_Source\PSoC4/CYBLE_custom.c **** {
  35              		.loc 1 69 0
  36              		.cfi_startproc
  37 0000 80B5     		push	{r7, lr}
  38              		.cfi_def_cfa_offset 8
  39              		.cfi_offset 7, -8
  40              		.cfi_offset 14, -4
  41 0002 00AF     		add	r7, sp, #0
  42              		.cfi_def_cfa_register 7
  70:.\Generated_Source\PSoC4/CYBLE_custom.c ****     
  71:.\Generated_Source\PSoC4/CYBLE_custom.c **** #ifdef CYBLE_CUSTOM_CLIENT
  72:.\Generated_Source\PSoC4/CYBLE_custom.c **** 
ARM GAS  C:\Users\mohammed\AppData\Local\Temp\ccErwikd.s 			page 3


  73:.\Generated_Source\PSoC4/CYBLE_custom.c ****     uint16 locServIndex;
  74:.\Generated_Source\PSoC4/CYBLE_custom.c ****     uint16 locCharIndex;
  75:.\Generated_Source\PSoC4/CYBLE_custom.c ****     uint16 locDescIndex;
  76:.\Generated_Source\PSoC4/CYBLE_custom.c ****     
  77:.\Generated_Source\PSoC4/CYBLE_custom.c ****     for(locServIndex = 0u; locServIndex < CYBLE_CUSTOMC_SERVICE_COUNT; locServIndex++)
  78:.\Generated_Source\PSoC4/CYBLE_custom.c ****     {
  79:.\Generated_Source\PSoC4/CYBLE_custom.c ****         if(cyBle_serverInfo[CYBLE_SRVI_CUSTOMS + locServIndex].range.startHandle == CYBLE_GATT_INVA
  80:.\Generated_Source\PSoC4/CYBLE_custom.c ****         {
  81:.\Generated_Source\PSoC4/CYBLE_custom.c ****             for(locCharIndex = 0u; locCharIndex < cyBle_customCServ[locServIndex].charCount; locCha
  82:.\Generated_Source\PSoC4/CYBLE_custom.c ****             {
  83:.\Generated_Source\PSoC4/CYBLE_custom.c ****                 cyBle_customCServ[locServIndex].customServChar[locCharIndex].
  84:.\Generated_Source\PSoC4/CYBLE_custom.c ****                     customServCharHandle = 0u;
  85:.\Generated_Source\PSoC4/CYBLE_custom.c ****                 
  86:.\Generated_Source\PSoC4/CYBLE_custom.c ****                 for(locDescIndex = 0u; locDescIndex < 
  87:.\Generated_Source\PSoC4/CYBLE_custom.c ****                     cyBle_customCServ[locServIndex].customServChar[locCharIndex].descCount; 
  88:.\Generated_Source\PSoC4/CYBLE_custom.c ****                         locDescIndex++)
  89:.\Generated_Source\PSoC4/CYBLE_custom.c ****                 {
  90:.\Generated_Source\PSoC4/CYBLE_custom.c ****                     cyBle_customCServ[locServIndex].customServChar[locCharIndex].
  91:.\Generated_Source\PSoC4/CYBLE_custom.c ****                         customServCharDesc[locDescIndex].descHandle = 0u;
  92:.\Generated_Source\PSoC4/CYBLE_custom.c ****                 }
  93:.\Generated_Source\PSoC4/CYBLE_custom.c ****             }
  94:.\Generated_Source\PSoC4/CYBLE_custom.c ****         }
  95:.\Generated_Source\PSoC4/CYBLE_custom.c ****     }
  96:.\Generated_Source\PSoC4/CYBLE_custom.c **** 
  97:.\Generated_Source\PSoC4/CYBLE_custom.c **** #endif /* (CYBLE_CUSTOM_CLIENT) */
  98:.\Generated_Source\PSoC4/CYBLE_custom.c **** }
  43              		.loc 1 98 0
  44 0004 BD46     		mov	sp, r7
  45              		@ sp needed
  46 0006 80BD     		pop	{r7, pc}
  47              		.cfi_endproc
  48              	.LFE2:
  49              		.size	CyBle_CustomInit, .-CyBle_CustomInit
  50              		.text
  51              	.Letext0:
  52              		.file 2 ".\\Generated_Source\\PSoC4\\cytypes.h"
  53              		.file 3 ".\\Generated_Source\\PSoC4\\CYBLE_StackGatt.h"
  54              		.file 4 ".\\Generated_Source\\PSoC4\\CYBLE_custom.h"
  55              		.file 5 ".\\Generated_Source\\PSoC4\\CYBLE_Stack.h"
  56              		.file 6 ".\\Generated_Source\\PSoC4\\CYBLE_uds.h"
  57              		.section	.debug_info,"",%progbits
  58              	.Ldebug_info0:
  59 0000 E6030000 		.4byte	0x3e6
  60 0004 0400     		.2byte	0x4
  61 0006 00000000 		.4byte	.Ldebug_abbrev0
  62 000a 04       		.byte	0x4
  63 000b 01       		.uleb128 0x1
  64 000c A30A0000 		.4byte	.LASF121
  65 0010 01       		.byte	0x1
  66 0011 F7060000 		.4byte	.LASF122
  67 0015 95040000 		.4byte	.LASF123
  68 0019 00000000 		.4byte	.Ldebug_ranges0+0
  69 001d 00000000 		.4byte	0
  70 0021 00000000 		.4byte	.Ldebug_line0
  71 0025 02       		.uleb128 0x2
  72 0026 01       		.byte	0x1
  73 0027 06       		.byte	0x6
ARM GAS  C:\Users\mohammed\AppData\Local\Temp\ccErwikd.s 			page 4


  74 0028 2F020000 		.4byte	.LASF0
  75 002c 02       		.uleb128 0x2
  76 002d 01       		.byte	0x1
  77 002e 08       		.byte	0x8
  78 002f 6C080000 		.4byte	.LASF1
  79 0033 02       		.uleb128 0x2
  80 0034 02       		.byte	0x2
  81 0035 05       		.byte	0x5
  82 0036 9E080000 		.4byte	.LASF2
  83 003a 02       		.uleb128 0x2
  84 003b 02       		.byte	0x2
  85 003c 07       		.byte	0x7
  86 003d 26050000 		.4byte	.LASF3
  87 0041 02       		.uleb128 0x2
  88 0042 04       		.byte	0x4
  89 0043 05       		.byte	0x5
  90 0044 46010000 		.4byte	.LASF4
  91 0048 02       		.uleb128 0x2
  92 0049 04       		.byte	0x4
  93 004a 07       		.byte	0x7
  94 004b 83090000 		.4byte	.LASF5
  95 004f 02       		.uleb128 0x2
  96 0050 08       		.byte	0x8
  97 0051 05       		.byte	0x5
  98 0052 21020000 		.4byte	.LASF6
  99 0056 02       		.uleb128 0x2
 100 0057 08       		.byte	0x8
 101 0058 07       		.byte	0x7
 102 0059 6B010000 		.4byte	.LASF7
 103 005d 03       		.uleb128 0x3
 104 005e 04       		.byte	0x4
 105 005f 05       		.byte	0x5
 106 0060 696E7400 		.ascii	"int\000"
 107 0064 02       		.uleb128 0x2
 108 0065 04       		.byte	0x4
 109 0066 07       		.byte	0x7
 110 0067 FB030000 		.4byte	.LASF8
 111 006b 04       		.uleb128 0x4
 112 006c 4D000000 		.4byte	.LASF79
 113 0070 02       		.byte	0x2
 114 0071 3901     		.2byte	0x139
 115 0073 3A000000 		.4byte	0x3a
 116 0077 02       		.uleb128 0x2
 117 0078 04       		.byte	0x4
 118 0079 04       		.byte	0x4
 119 007a 2E080000 		.4byte	.LASF9
 120 007e 02       		.uleb128 0x2
 121 007f 08       		.byte	0x8
 122 0080 04       		.byte	0x4
 123 0081 4F030000 		.4byte	.LASF10
 124 0085 02       		.uleb128 0x2
 125 0086 01       		.byte	0x1
 126 0087 08       		.byte	0x8
 127 0088 95090000 		.4byte	.LASF11
 128 008c 02       		.uleb128 0x2
 129 008d 04       		.byte	0x4
 130 008e 07       		.byte	0x7
ARM GAS  C:\Users\mohammed\AppData\Local\Temp\ccErwikd.s 			page 5


 131 008f 1F070000 		.4byte	.LASF12
 132 0093 05       		.uleb128 0x5
 133 0094 01       		.byte	0x1
 134 0095 05       		.byte	0x5
 135 0096 4201     		.2byte	0x142
 136 0098 50020000 		.4byte	0x250
 137 009c 06       		.uleb128 0x6
 138 009d 39050000 		.4byte	.LASF13
 139 00a1 00       		.sleb128 0
 140 00a2 06       		.uleb128 0x6
 141 00a3 3B020000 		.4byte	.LASF14
 142 00a7 01       		.sleb128 1
 143 00a8 06       		.uleb128 0x6
 144 00a9 34010000 		.4byte	.LASF15
 145 00ad 02       		.sleb128 2
 146 00ae 06       		.uleb128 0x6
 147 00af 080A0000 		.4byte	.LASF16
 148 00b3 03       		.sleb128 3
 149 00b4 06       		.uleb128 0x6
 150 00b5 82010000 		.4byte	.LASF17
 151 00b9 04       		.sleb128 4
 152 00ba 06       		.uleb128 0x6
 153 00bb 31000000 		.4byte	.LASF18
 154 00bf 05       		.sleb128 5
 155 00c0 06       		.uleb128 0x6
 156 00c1 6E050000 		.4byte	.LASF19
 157 00c5 06       		.sleb128 6
 158 00c6 06       		.uleb128 0x6
 159 00c7 78060000 		.4byte	.LASF20
 160 00cb 20       		.sleb128 32
 161 00cc 06       		.uleb128 0x6
 162 00cd A5020000 		.4byte	.LASF21
 163 00d1 21       		.sleb128 33
 164 00d2 06       		.uleb128 0x6
 165 00d3 B4050000 		.4byte	.LASF22
 166 00d7 22       		.sleb128 34
 167 00d8 06       		.uleb128 0x6
 168 00d9 1B060000 		.4byte	.LASF23
 169 00dd 23       		.sleb128 35
 170 00de 06       		.uleb128 0x6
 171 00df 9E070000 		.4byte	.LASF24
 172 00e3 24       		.sleb128 36
 173 00e4 06       		.uleb128 0x6
 174 00e5 28070000 		.4byte	.LASF25
 175 00e9 25       		.sleb128 37
 176 00ea 06       		.uleb128 0x6
 177 00eb F3020000 		.4byte	.LASF26
 178 00ef 26       		.sleb128 38
 179 00f0 06       		.uleb128 0x6
 180 00f1 D8050000 		.4byte	.LASF27
 181 00f5 27       		.sleb128 39
 182 00f6 06       		.uleb128 0x6
 183 00f7 9A090000 		.4byte	.LASF28
 184 00fb 28       		.sleb128 40
 185 00fc 06       		.uleb128 0x6
 186 00fd F6080000 		.4byte	.LASF29
 187 0101 29       		.sleb128 41
ARM GAS  C:\Users\mohammed\AppData\Local\Temp\ccErwikd.s 			page 6


 188 0102 06       		.uleb128 0x6
 189 0103 73000000 		.4byte	.LASF30
 190 0107 2A       		.sleb128 42
 191 0108 06       		.uleb128 0x6
 192 0109 6A020000 		.4byte	.LASF31
 193 010d 2B       		.sleb128 43
 194 010e 06       		.uleb128 0x6
 195 010f 580B0000 		.4byte	.LASF32
 196 0113 2C       		.sleb128 44
 197 0114 06       		.uleb128 0x6
 198 0115 E9010000 		.4byte	.LASF33
 199 0119 2D       		.sleb128 45
 200 011a 06       		.uleb128 0x6
 201 011b 7A080000 		.4byte	.LASF34
 202 011f 2E       		.sleb128 46
 203 0120 06       		.uleb128 0x6
 204 0121 BD000000 		.4byte	.LASF35
 205 0125 2F       		.sleb128 47
 206 0126 06       		.uleb128 0x6
 207 0127 7D070000 		.4byte	.LASF36
 208 012b 30       		.sleb128 48
 209 012c 06       		.uleb128 0x6
 210 012d D30B0000 		.4byte	.LASF37
 211 0131 31       		.sleb128 49
 212 0132 06       		.uleb128 0x6
 213 0133 5C070000 		.4byte	.LASF38
 214 0137 32       		.sleb128 50
 215 0138 06       		.uleb128 0x6
 216 0139 4E090000 		.4byte	.LASF39
 217 013d 33       		.sleb128 51
 218 013e 06       		.uleb128 0x6
 219 013f 34090000 		.4byte	.LASF40
 220 0143 C000     		.sleb128 64
 221 0145 06       		.uleb128 0x6
 222 0146 41060000 		.4byte	.LASF41
 223 014a C100     		.sleb128 65
 224 014c 06       		.uleb128 0x6
 225 014d 280C0000 		.4byte	.LASF42
 226 0151 C200     		.sleb128 66
 227 0153 06       		.uleb128 0x6
 228 0154 2F0A0000 		.4byte	.LASF43
 229 0158 C300     		.sleb128 67
 230 015a 06       		.uleb128 0x6
 231 015b 05010000 		.4byte	.LASF44
 232 015f C400     		.sleb128 68
 233 0161 06       		.uleb128 0x6
 234 0162 07080000 		.4byte	.LASF45
 235 0166 C500     		.sleb128 69
 236 0168 06       		.uleb128 0x6
 237 0169 D6060000 		.4byte	.LASF46
 238 016d C600     		.sleb128 70
 239 016f 06       		.uleb128 0x6
 240 0170 50050000 		.4byte	.LASF47
 241 0174 C700     		.sleb128 71
 242 0176 06       		.uleb128 0x6
 243 0177 310B0000 		.4byte	.LASF48
 244 017b C800     		.sleb128 72
ARM GAS  C:\Users\mohammed\AppData\Local\Temp\ccErwikd.s 			page 7


 245 017d 06       		.uleb128 0x6
 246 017e BC020000 		.4byte	.LASF49
 247 0182 C900     		.sleb128 73
 248 0184 06       		.uleb128 0x6
 249 0185 770A0000 		.4byte	.LASF50
 250 0189 CA00     		.sleb128 74
 251 018b 06       		.uleb128 0x6
 252 018c E6000000 		.4byte	.LASF51
 253 0190 CB00     		.sleb128 75
 254 0192 06       		.uleb128 0x6
 255 0193 7B040000 		.4byte	.LASF52
 256 0197 CC00     		.sleb128 76
 257 0199 06       		.uleb128 0x6
 258 019a 42070000 		.4byte	.LASF53
 259 019e CD00     		.sleb128 77
 260 01a0 06       		.uleb128 0x6
 261 01a1 D5020000 		.4byte	.LASF54
 262 01a5 CE00     		.sleb128 78
 263 01a7 06       		.uleb128 0x6
 264 01a8 D7080000 		.4byte	.LASF55
 265 01ac CF00     		.sleb128 79
 266 01ae 06       		.uleb128 0x6
 267 01af 95050000 		.4byte	.LASF56
 268 01b3 D000     		.sleb128 80
 269 01b5 06       		.uleb128 0x6
 270 01b6 30030000 		.4byte	.LASF57
 271 01ba D100     		.sleb128 81
 272 01bc 06       		.uleb128 0x6
 273 01bd BA070000 		.4byte	.LASF58
 274 01c1 D200     		.sleb128 82
 275 01c3 06       		.uleb128 0x6
 276 01c4 A8080000 		.4byte	.LASF59
 277 01c8 D300     		.sleb128 83
 278 01ca 06       		.uleb128 0x6
 279 01cb 13090000 		.4byte	.LASF60
 280 01cf D400     		.sleb128 84
 281 01d1 06       		.uleb128 0x6
 282 01d2 DF040000 		.4byte	.LASF61
 283 01d6 D500     		.sleb128 85
 284 01d8 06       		.uleb128 0x6
 285 01d9 D9030000 		.4byte	.LASF62
 286 01dd D600     		.sleb128 86
 287 01df 06       		.uleb128 0x6
 288 01e0 BC090000 		.4byte	.LASF63
 289 01e4 D700     		.sleb128 87
 290 01e6 06       		.uleb128 0x6
 291 01e7 03050000 		.4byte	.LASF64
 292 01eb D800     		.sleb128 88
 293 01ed 06       		.uleb128 0x6
 294 01ee B5010000 		.4byte	.LASF65
 295 01f2 F000     		.sleb128 112
 296 01f4 06       		.uleb128 0x6
 297 01f5 AD0B0000 		.4byte	.LASF66
 298 01f9 F100     		.sleb128 113
 299 01fb 06       		.uleb128 0x6
 300 01fc 5C060000 		.4byte	.LASF67
 301 0200 F200     		.sleb128 114
ARM GAS  C:\Users\mohammed\AppData\Local\Temp\ccErwikd.s 			page 8


 302 0202 06       		.uleb128 0x6
 303 0203 B8060000 		.4byte	.LASF68
 304 0207 F300     		.sleb128 115
 305 0209 06       		.uleb128 0x6
 306 020a E9070000 		.4byte	.LASF69
 307 020e F400     		.sleb128 116
 308 0210 06       		.uleb128 0x6
 309 0211 7C0B0000 		.4byte	.LASF70
 310 0215 F500     		.sleb128 117
 311 0217 06       		.uleb128 0x6
 312 0218 9C000000 		.4byte	.LASF71
 313 021c F600     		.sleb128 118
 314 021e 06       		.uleb128 0x6
 315 021f 54000000 		.4byte	.LASF72
 316 0223 F700     		.sleb128 119
 317 0225 06       		.uleb128 0x6
 318 0226 00000000 		.4byte	.LASF73
 319 022a F800     		.sleb128 120
 320 022c 06       		.uleb128 0x6
 321 022d E5090000 		.4byte	.LASF74
 322 0231 F900     		.sleb128 121
 323 0233 06       		.uleb128 0x6
 324 0234 B5030000 		.4byte	.LASF75
 325 0238 FA00     		.sleb128 122
 326 023a 06       		.uleb128 0x6
 327 023b 97010000 		.4byte	.LASF76
 328 023f FA01     		.sleb128 250
 329 0241 06       		.uleb128 0x6
 330 0242 08040000 		.4byte	.LASF77
 331 0246 FB01     		.sleb128 251
 332 0248 06       		.uleb128 0x6
 333 0249 84030000 		.4byte	.LASF78
 334 024d FF01     		.sleb128 255
 335 024f 00       		.byte	0
 336 0250 04       		.uleb128 0x4
 337 0251 F70B0000 		.4byte	.LASF80
 338 0255 03       		.byte	0x3
 339 0256 9201     		.2byte	0x192
 340 0258 6B000000 		.4byte	0x6b
 341 025c 07       		.uleb128 0x7
 342 025d 04       		.byte	0x4
 343 025e 04       		.byte	0x4
 344 025f 41       		.byte	0x41
 345 0260 7D020000 		.4byte	0x27d
 346 0264 08       		.uleb128 0x8
 347 0265 130C0000 		.4byte	.LASF81
 348 0269 04       		.byte	0x4
 349 026a 44       		.byte	0x44
 350 026b 50020000 		.4byte	0x250
 351 026f 00       		.byte	0
 352 0270 08       		.uleb128 0x8
 353 0271 460C0000 		.4byte	.LASF82
 354 0275 04       		.byte	0x4
 355 0276 46       		.byte	0x46
 356 0277 7D020000 		.4byte	0x27d
 357 027b 02       		.byte	0x2
 358 027c 00       		.byte	0
ARM GAS  C:\Users\mohammed\AppData\Local\Temp\ccErwikd.s 			page 9


 359 027d 09       		.uleb128 0x9
 360 027e 50020000 		.4byte	0x250
 361 0282 8D020000 		.4byte	0x28d
 362 0286 0A       		.uleb128 0xa
 363 0287 8C000000 		.4byte	0x8c
 364 028b 00       		.byte	0
 365 028c 00       		.byte	0
 366 028d 0B       		.uleb128 0xb
 367 028e 1B030000 		.4byte	.LASF83
 368 0292 04       		.byte	0x4
 369 0293 48       		.byte	0x48
 370 0294 5C020000 		.4byte	0x25c
 371 0298 07       		.uleb128 0x7
 372 0299 06       		.byte	0x6
 373 029a 04       		.byte	0x4
 374 029b 4B       		.byte	0x4b
 375 029c B9020000 		.4byte	0x2b9
 376 02a0 08       		.uleb128 0x8
 377 02a1 23010000 		.4byte	.LASF84
 378 02a5 04       		.byte	0x4
 379 02a6 4E       		.byte	0x4e
 380 02a7 50020000 		.4byte	0x250
 381 02ab 00       		.byte	0
 382 02ac 08       		.uleb128 0x8
 383 02ad 64030000 		.4byte	.LASF85
 384 02b1 04       		.byte	0x4
 385 02b2 51       		.byte	0x51
 386 02b3 B9020000 		.4byte	0x2b9
 387 02b7 02       		.byte	0x2
 388 02b8 00       		.byte	0
 389 02b9 09       		.uleb128 0x9
 390 02ba 8D020000 		.4byte	0x28d
 391 02be C9020000 		.4byte	0x2c9
 392 02c2 0A       		.uleb128 0xa
 393 02c3 8C000000 		.4byte	0x8c
 394 02c7 00       		.byte	0
 395 02c8 00       		.byte	0
 396 02c9 0B       		.uleb128 0xb
 397 02ca 9D0B0000 		.4byte	.LASF86
 398 02ce 04       		.byte	0x4
 399 02cf 53       		.byte	0x53
 400 02d0 98020000 		.4byte	0x298
 401 02d4 0C       		.uleb128 0xc
 402 02d5 01       		.byte	0x1
 403 02d6 06       		.byte	0x6
 404 02d7 25       		.byte	0x25
 405 02d8 9D030000 		.4byte	0x39d
 406 02dc 06       		.uleb128 0x6
 407 02dd F7050000 		.4byte	.LASF87
 408 02e1 00       		.sleb128 0
 409 02e2 06       		.uleb128 0x6
 410 02e3 51040000 		.4byte	.LASF88
 411 02e7 01       		.sleb128 1
 412 02e8 06       		.uleb128 0x6
 413 02e9 9C060000 		.4byte	.LASF89
 414 02ed 02       		.sleb128 2
 415 02ee 06       		.uleb128 0x6
ARM GAS  C:\Users\mohammed\AppData\Local\Temp\ccErwikd.s 			page 10


 416 02ef 87050000 		.4byte	.LASF90
 417 02f3 03       		.sleb128 3
 418 02f4 06       		.uleb128 0x6
 419 02f5 950A0000 		.4byte	.LASF91
 420 02f9 04       		.sleb128 4
 421 02fa 06       		.uleb128 0x6
 422 02fb 56030000 		.4byte	.LASF92
 423 02ff 05       		.sleb128 5
 424 0300 06       		.uleb128 0x6
 425 0301 23000000 		.4byte	.LASF93
 426 0305 06       		.sleb128 6
 427 0306 06       		.uleb128 0x6
 428 0307 89020000 		.4byte	.LASF94
 429 030b 07       		.sleb128 7
 430 030c 06       		.uleb128 0x6
 431 030d 50080000 		.4byte	.LASF95
 432 0311 08       		.sleb128 8
 433 0312 06       		.uleb128 0x6
 434 0313 34080000 		.4byte	.LASF96
 435 0317 09       		.sleb128 9
 436 0318 06       		.uleb128 0x6
 437 0319 AA060000 		.4byte	.LASF97
 438 031d 0A       		.sleb128 10
 439 031e 06       		.uleb128 0x6
 440 031f C9080000 		.4byte	.LASF98
 441 0323 0B       		.sleb128 11
 442 0324 06       		.uleb128 0x6
 443 0325 97020000 		.4byte	.LASF99
 444 0329 0C       		.sleb128 12
 445 032a 06       		.uleb128 0x6
 446 032b 5F040000 		.4byte	.LASF100
 447 032f 0D       		.sleb128 13
 448 0330 06       		.uleb128 0x6
 449 0331 5B0A0000 		.4byte	.LASF101
 450 0335 0E       		.sleb128 14
 451 0336 06       		.uleb128 0x6
 452 0337 DB070000 		.4byte	.LASF102
 453 033b 0F       		.sleb128 15
 454 033c 06       		.uleb128 0x6
 455 033d 690A0000 		.4byte	.LASF103
 456 0341 10       		.sleb128 16
 457 0342 06       		.uleb128 0x6
 458 0343 42080000 		.4byte	.LASF104
 459 0347 11       		.sleb128 17
 460 0348 06       		.uleb128 0x6
 461 0349 210A0000 		.4byte	.LASF105
 462 034d 12       		.sleb128 18
 463 034e 06       		.uleb128 0x6
 464 034f 4D0A0000 		.4byte	.LASF106
 465 0353 13       		.sleb128 19
 466 0354 06       		.uleb128 0x6
 467 0355 4E020000 		.4byte	.LASF107
 468 0359 14       		.sleb128 20
 469 035a 06       		.uleb128 0x6
 470 035b 5C020000 		.4byte	.LASF108
 471 035f 15       		.sleb128 21
 472 0360 06       		.uleb128 0x6
ARM GAS  C:\Users\mohammed\AppData\Local\Temp\ccErwikd.s 			page 11


 473 0361 27040000 		.4byte	.LASF109
 474 0365 16       		.sleb128 22
 475 0366 06       		.uleb128 0x6
 476 0367 6D040000 		.4byte	.LASF110
 477 036b 17       		.sleb128 23
 478 036c 06       		.uleb128 0x6
 479 036d 4F010000 		.4byte	.LASF111
 480 0371 18       		.sleb128 24
 481 0372 06       		.uleb128 0x6
 482 0373 75090000 		.4byte	.LASF112
 483 0377 19       		.sleb128 25
 484 0378 06       		.uleb128 0x6
 485 0379 5E080000 		.4byte	.LASF113
 486 037d 1A       		.sleb128 26
 487 037e 06       		.uleb128 0x6
 488 037f 43040000 		.4byte	.LASF114
 489 0383 1B       		.sleb128 27
 490 0384 06       		.uleb128 0x6
 491 0385 5D010000 		.4byte	.LASF115
 492 0389 1C       		.sleb128 28
 493 038a 06       		.uleb128 0x6
 494 038b 92030000 		.4byte	.LASF116
 495 038f 1D       		.sleb128 29
 496 0390 06       		.uleb128 0x6
 497 0391 35040000 		.4byte	.LASF117
 498 0395 1E       		.sleb128 30
 499 0396 06       		.uleb128 0x6
 500 0397 A0030000 		.4byte	.LASF118
 501 039b 1F       		.sleb128 31
 502 039c 00       		.byte	0
 503 039d 0C       		.uleb128 0xc
 504 039e 01       		.byte	0x1
 505 039f 06       		.byte	0x6
 506 03a0 4A       		.byte	0x4a
 507 03a1 B2030000 		.4byte	0x3b2
 508 03a5 06       		.uleb128 0x6
 509 03a6 12020000 		.4byte	.LASF119
 510 03aa 00       		.sleb128 0
 511 03ab 06       		.uleb128 0x6
 512 03ac 05060000 		.4byte	.LASF120
 513 03b0 01       		.sleb128 1
 514 03b1 00       		.byte	0
 515 03b2 0D       		.uleb128 0xd
 516 03b3 73030000 		.4byte	.LASF124
 517 03b7 01       		.byte	0x1
 518 03b8 44       		.byte	0x44
 519 03b9 00000000 		.4byte	.LFB2
 520 03bd 08000000 		.4byte	.LFE2-.LFB2
 521 03c1 01       		.uleb128 0x1
 522 03c2 9C       		.byte	0x9c
 523 03c3 09       		.uleb128 0x9
 524 03c4 C9020000 		.4byte	0x2c9
 525 03c8 D3030000 		.4byte	0x3d3
 526 03cc 0A       		.uleb128 0xa
 527 03cd 8C000000 		.4byte	0x8c
 528 03d1 00       		.byte	0
 529 03d2 00       		.byte	0
ARM GAS  C:\Users\mohammed\AppData\Local\Temp\ccErwikd.s 			page 12


 530 03d3 0E       		.uleb128 0xe
 531 03d4 DB010000 		.4byte	.LASF125
 532 03d8 01       		.byte	0x1
 533 03d9 1A       		.byte	0x1a
 534 03da E4030000 		.4byte	0x3e4
 535 03de 05       		.uleb128 0x5
 536 03df 03       		.byte	0x3
 537 03e0 00000000 		.4byte	cyBle_customs
 538 03e4 0F       		.uleb128 0xf
 539 03e5 C3030000 		.4byte	0x3c3
 540 03e9 00       		.byte	0
 541              		.section	.debug_abbrev,"",%progbits
 542              	.Ldebug_abbrev0:
 543 0000 01       		.uleb128 0x1
 544 0001 11       		.uleb128 0x11
 545 0002 01       		.byte	0x1
 546 0003 25       		.uleb128 0x25
 547 0004 0E       		.uleb128 0xe
 548 0005 13       		.uleb128 0x13
 549 0006 0B       		.uleb128 0xb
 550 0007 03       		.uleb128 0x3
 551 0008 0E       		.uleb128 0xe
 552 0009 1B       		.uleb128 0x1b
 553 000a 0E       		.uleb128 0xe
 554 000b 55       		.uleb128 0x55
 555 000c 17       		.uleb128 0x17
 556 000d 11       		.uleb128 0x11
 557 000e 01       		.uleb128 0x1
 558 000f 10       		.uleb128 0x10
 559 0010 17       		.uleb128 0x17
 560 0011 00       		.byte	0
 561 0012 00       		.byte	0
 562 0013 02       		.uleb128 0x2
 563 0014 24       		.uleb128 0x24
 564 0015 00       		.byte	0
 565 0016 0B       		.uleb128 0xb
 566 0017 0B       		.uleb128 0xb
 567 0018 3E       		.uleb128 0x3e
 568 0019 0B       		.uleb128 0xb
 569 001a 03       		.uleb128 0x3
 570 001b 0E       		.uleb128 0xe
 571 001c 00       		.byte	0
 572 001d 00       		.byte	0
 573 001e 03       		.uleb128 0x3
 574 001f 24       		.uleb128 0x24
 575 0020 00       		.byte	0
 576 0021 0B       		.uleb128 0xb
 577 0022 0B       		.uleb128 0xb
 578 0023 3E       		.uleb128 0x3e
 579 0024 0B       		.uleb128 0xb
 580 0025 03       		.uleb128 0x3
 581 0026 08       		.uleb128 0x8
 582 0027 00       		.byte	0
 583 0028 00       		.byte	0
 584 0029 04       		.uleb128 0x4
 585 002a 16       		.uleb128 0x16
 586 002b 00       		.byte	0
ARM GAS  C:\Users\mohammed\AppData\Local\Temp\ccErwikd.s 			page 13


 587 002c 03       		.uleb128 0x3
 588 002d 0E       		.uleb128 0xe
 589 002e 3A       		.uleb128 0x3a
 590 002f 0B       		.uleb128 0xb
 591 0030 3B       		.uleb128 0x3b
 592 0031 05       		.uleb128 0x5
 593 0032 49       		.uleb128 0x49
 594 0033 13       		.uleb128 0x13
 595 0034 00       		.byte	0
 596 0035 00       		.byte	0
 597 0036 05       		.uleb128 0x5
 598 0037 04       		.uleb128 0x4
 599 0038 01       		.byte	0x1
 600 0039 0B       		.uleb128 0xb
 601 003a 0B       		.uleb128 0xb
 602 003b 3A       		.uleb128 0x3a
 603 003c 0B       		.uleb128 0xb
 604 003d 3B       		.uleb128 0x3b
 605 003e 05       		.uleb128 0x5
 606 003f 01       		.uleb128 0x1
 607 0040 13       		.uleb128 0x13
 608 0041 00       		.byte	0
 609 0042 00       		.byte	0
 610 0043 06       		.uleb128 0x6
 611 0044 28       		.uleb128 0x28
 612 0045 00       		.byte	0
 613 0046 03       		.uleb128 0x3
 614 0047 0E       		.uleb128 0xe
 615 0048 1C       		.uleb128 0x1c
 616 0049 0D       		.uleb128 0xd
 617 004a 00       		.byte	0
 618 004b 00       		.byte	0
 619 004c 07       		.uleb128 0x7
 620 004d 13       		.uleb128 0x13
 621 004e 01       		.byte	0x1
 622 004f 0B       		.uleb128 0xb
 623 0050 0B       		.uleb128 0xb
 624 0051 3A       		.uleb128 0x3a
 625 0052 0B       		.uleb128 0xb
 626 0053 3B       		.uleb128 0x3b
 627 0054 0B       		.uleb128 0xb
 628 0055 01       		.uleb128 0x1
 629 0056 13       		.uleb128 0x13
 630 0057 00       		.byte	0
 631 0058 00       		.byte	0
 632 0059 08       		.uleb128 0x8
 633 005a 0D       		.uleb128 0xd
 634 005b 00       		.byte	0
 635 005c 03       		.uleb128 0x3
 636 005d 0E       		.uleb128 0xe
 637 005e 3A       		.uleb128 0x3a
 638 005f 0B       		.uleb128 0xb
 639 0060 3B       		.uleb128 0x3b
 640 0061 0B       		.uleb128 0xb
 641 0062 49       		.uleb128 0x49
 642 0063 13       		.uleb128 0x13
 643 0064 38       		.uleb128 0x38
ARM GAS  C:\Users\mohammed\AppData\Local\Temp\ccErwikd.s 			page 14


 644 0065 0B       		.uleb128 0xb
 645 0066 00       		.byte	0
 646 0067 00       		.byte	0
 647 0068 09       		.uleb128 0x9
 648 0069 01       		.uleb128 0x1
 649 006a 01       		.byte	0x1
 650 006b 49       		.uleb128 0x49
 651 006c 13       		.uleb128 0x13
 652 006d 01       		.uleb128 0x1
 653 006e 13       		.uleb128 0x13
 654 006f 00       		.byte	0
 655 0070 00       		.byte	0
 656 0071 0A       		.uleb128 0xa
 657 0072 21       		.uleb128 0x21
 658 0073 00       		.byte	0
 659 0074 49       		.uleb128 0x49
 660 0075 13       		.uleb128 0x13
 661 0076 2F       		.uleb128 0x2f
 662 0077 0B       		.uleb128 0xb
 663 0078 00       		.byte	0
 664 0079 00       		.byte	0
 665 007a 0B       		.uleb128 0xb
 666 007b 16       		.uleb128 0x16
 667 007c 00       		.byte	0
 668 007d 03       		.uleb128 0x3
 669 007e 0E       		.uleb128 0xe
 670 007f 3A       		.uleb128 0x3a
 671 0080 0B       		.uleb128 0xb
 672 0081 3B       		.uleb128 0x3b
 673 0082 0B       		.uleb128 0xb
 674 0083 49       		.uleb128 0x49
 675 0084 13       		.uleb128 0x13
 676 0085 00       		.byte	0
 677 0086 00       		.byte	0
 678 0087 0C       		.uleb128 0xc
 679 0088 04       		.uleb128 0x4
 680 0089 01       		.byte	0x1
 681 008a 0B       		.uleb128 0xb
 682 008b 0B       		.uleb128 0xb
 683 008c 3A       		.uleb128 0x3a
 684 008d 0B       		.uleb128 0xb
 685 008e 3B       		.uleb128 0x3b
 686 008f 0B       		.uleb128 0xb
 687 0090 01       		.uleb128 0x1
 688 0091 13       		.uleb128 0x13
 689 0092 00       		.byte	0
 690 0093 00       		.byte	0
 691 0094 0D       		.uleb128 0xd
 692 0095 2E       		.uleb128 0x2e
 693 0096 00       		.byte	0
 694 0097 3F       		.uleb128 0x3f
 695 0098 19       		.uleb128 0x19
 696 0099 03       		.uleb128 0x3
 697 009a 0E       		.uleb128 0xe
 698 009b 3A       		.uleb128 0x3a
 699 009c 0B       		.uleb128 0xb
 700 009d 3B       		.uleb128 0x3b
ARM GAS  C:\Users\mohammed\AppData\Local\Temp\ccErwikd.s 			page 15


 701 009e 0B       		.uleb128 0xb
 702 009f 27       		.uleb128 0x27
 703 00a0 19       		.uleb128 0x19
 704 00a1 11       		.uleb128 0x11
 705 00a2 01       		.uleb128 0x1
 706 00a3 12       		.uleb128 0x12
 707 00a4 06       		.uleb128 0x6
 708 00a5 40       		.uleb128 0x40
 709 00a6 18       		.uleb128 0x18
 710 00a7 9742     		.uleb128 0x2117
 711 00a9 19       		.uleb128 0x19
 712 00aa 00       		.byte	0
 713 00ab 00       		.byte	0
 714 00ac 0E       		.uleb128 0xe
 715 00ad 34       		.uleb128 0x34
 716 00ae 00       		.byte	0
 717 00af 03       		.uleb128 0x3
 718 00b0 0E       		.uleb128 0xe
 719 00b1 3A       		.uleb128 0x3a
 720 00b2 0B       		.uleb128 0xb
 721 00b3 3B       		.uleb128 0x3b
 722 00b4 0B       		.uleb128 0xb
 723 00b5 49       		.uleb128 0x49
 724 00b6 13       		.uleb128 0x13
 725 00b7 3F       		.uleb128 0x3f
 726 00b8 19       		.uleb128 0x19
 727 00b9 02       		.uleb128 0x2
 728 00ba 18       		.uleb128 0x18
 729 00bb 00       		.byte	0
 730 00bc 00       		.byte	0
 731 00bd 0F       		.uleb128 0xf
 732 00be 26       		.uleb128 0x26
 733 00bf 00       		.byte	0
 734 00c0 49       		.uleb128 0x49
 735 00c1 13       		.uleb128 0x13
 736 00c2 00       		.byte	0
 737 00c3 00       		.byte	0
 738 00c4 00       		.byte	0
 739              		.section	.debug_aranges,"",%progbits
 740 0000 1C000000 		.4byte	0x1c
 741 0004 0200     		.2byte	0x2
 742 0006 00000000 		.4byte	.Ldebug_info0
 743 000a 04       		.byte	0x4
 744 000b 00       		.byte	0
 745 000c 0000     		.2byte	0
 746 000e 0000     		.2byte	0
 747 0010 00000000 		.4byte	.LFB2
 748 0014 08000000 		.4byte	.LFE2-.LFB2
 749 0018 00000000 		.4byte	0
 750 001c 00000000 		.4byte	0
 751              		.section	.debug_ranges,"",%progbits
 752              	.Ldebug_ranges0:
 753 0000 00000000 		.4byte	.LFB2
 754 0004 08000000 		.4byte	.LFE2
 755 0008 00000000 		.4byte	0
 756 000c 00000000 		.4byte	0
 757              		.section	.debug_line,"",%progbits
ARM GAS  C:\Users\mohammed\AppData\Local\Temp\ccErwikd.s 			page 16


 758              	.Ldebug_line0:
 759 0000 AB000000 		.section	.debug_str,"MS",%progbits,1
 759      02009200 
 759      00000201 
 759      FB0E0D00 
 759      01010101 
 760              	.LASF73:
 761 0000 4359424C 		.ascii	"CYBLE_EVT_L2CAP_CBFC_RX_CREDIT_IND\000"
 761      455F4556 
 761      545F4C32 
 761      4341505F 
 761      43424643 
 762              	.LASF93:
 763 0023 4359424C 		.ascii	"CYBLE_UDS_WGT\000"
 763      455F5544 
 763      535F5747 
 763      5400
 764              	.LASF18:
 765 0031 4359424C 		.ascii	"CYBLE_EVT_STACK_BUSY_STATUS\000"
 765      455F4556 
 765      545F5354 
 765      41434B5F 
 765      42555359 
 766              	.LASF79:
 767 004d 75696E74 		.ascii	"uint16\000"
 767      313600
 768              	.LASF72:
 769 0054 4359424C 		.ascii	"CYBLE_EVT_L2CAP_CBFC_DATA_READ\000"
 769      455F4556 
 769      545F4C32 
 769      4341505F 
 769      43424643 
 770              	.LASF30:
 771 0073 4359424C 		.ascii	"CYBLE_EVT_GAP_CONNECTION_UPDATE_COMPLETE\000"
 771      455F4556 
 771      545F4741 
 771      505F434F 
 771      4E4E4543 
 772              	.LASF71:
 773 009c 4359424C 		.ascii	"CYBLE_EVT_L2CAP_CBFC_DISCONN_CNF\000"
 773      455F4556 
 773      545F4C32 
 773      4341505F 
 773      43424643 
 774              	.LASF35:
 775 00bd 4359424C 		.ascii	"CYBLE_EVT_GAP_OOB_GENERATED_NOTIFICATION\000"
 775      455F4556 
 775      545F4741 
 775      505F4F4F 
 775      425F4745 
 776              	.LASF51:
 777 00e6 4359424C 		.ascii	"CYBLE_EVT_GATTC_READ_MULTI_RSP\000"
 777      455F4556 
 777      545F4741 
 777      5454435F 
 777      52454144 
 778              	.LASF44:
ARM GAS  C:\Users\mohammed\AppData\Local\Temp\ccErwikd.s 			page 17


 779 0105 4359424C 		.ascii	"CYBLE_EVT_GATTC_XCHNG_MTU_RSP\000"
 779      455F4556 
 779      545F4741 
 779      5454435F 
 779      5843484E 
 780              	.LASF84:
 781 0123 63757374 		.ascii	"customServHandle\000"
 781      6F6D5365 
 781      72764861 
 781      6E646C65 
 781      00
 782              	.LASF15:
 783 0134 4359424C 		.ascii	"CYBLE_EVT_TIMEOUT\000"
 783      455F4556 
 783      545F5449 
 783      4D454F55 
 783      5400
 784              	.LASF4:
 785 0146 6C6F6E67 		.ascii	"long int\000"
 785      20696E74 
 785      00
 786              	.LASF111:
 787 014f 4359424C 		.ascii	"CYBLE_UDS_5ZL\000"
 787      455F5544 
 787      535F355A 
 787      4C00
 788              	.LASF115:
 789 015d 4359424C 		.ascii	"CYBLE_UDS_UIX\000"
 789      455F5544 
 789      535F5549 
 789      5800
 790              	.LASF7:
 791 016b 6C6F6E67 		.ascii	"long long unsigned int\000"
 791      206C6F6E 
 791      6720756E 
 791      7369676E 
 791      65642069 
 792              	.LASF17:
 793 0182 4359424C 		.ascii	"CYBLE_EVT_HCI_STATUS\000"
 793      455F4556 
 793      545F4843 
 793      495F5354 
 793      41545553 
 794              	.LASF76:
 795 0197 4359424C 		.ascii	"CYBLE_EVT_PENDING_FLASH_WRITE\000"
 795      455F4556 
 795      545F5045 
 795      4E44494E 
 795      475F464C 
 796              	.LASF65:
 797 01b5 4359424C 		.ascii	"CYBLE_EVT_L2CAP_CONN_PARAM_UPDATE_REQ\000"
 797      455F4556 
 797      545F4C32 
 797      4341505F 
 797      434F4E4E 
 798              	.LASF125:
 799 01db 6379426C 		.ascii	"cyBle_customs\000"
ARM GAS  C:\Users\mohammed\AppData\Local\Temp\ccErwikd.s 			page 18


 799      655F6375 
 799      73746F6D 
 799      7300
 800              	.LASF33:
 801 01e9 4359424C 		.ascii	"CYBLE_EVT_GAP_NUMERIC_COMPARISON_REQUEST\000"
 801      455F4556 
 801      545F4741 
 801      505F4E55 
 801      4D455249 
 802              	.LASF119:
 803 0212 4359424C 		.ascii	"CYBLE_UDS_CCCD\000"
 803      455F5544 
 803      535F4343 
 803      434400
 804              	.LASF6:
 805 0221 6C6F6E67 		.ascii	"long long int\000"
 805      206C6F6E 
 805      6720696E 
 805      7400
 806              	.LASF0:
 807 022f 7369676E 		.ascii	"signed char\000"
 807      65642063 
 807      68617200 
 808              	.LASF14:
 809 023b 4359424C 		.ascii	"CYBLE_EVT_STACK_ON\000"
 809      455F4556 
 809      545F5354 
 809      41434B5F 
 809      4F4E00
 810              	.LASF107:
 811 024e 4359424C 		.ascii	"CYBLE_UDS_AEL\000"
 811      455F5544 
 811      535F4145 
 811      4C00
 812              	.LASF108:
 813 025c 4359424C 		.ascii	"CYBLE_UDS_AEU\000"
 813      455F5544 
 813      535F4145 
 813      5500
 814              	.LASF31:
 815 026a 4359424C 		.ascii	"CYBLE_EVT_GAPC_SCAN_START_STOP\000"
 815      455F4556 
 815      545F4741 
 815      50435F53 
 815      43414E5F 
 816              	.LASF94:
 817 0289 4359424C 		.ascii	"CYBLE_UDS_HGT\000"
 817      455F5544 
 817      535F4847 
 817      5400
 818              	.LASF99:
 819 0297 4359424C 		.ascii	"CYBLE_UDS_AET\000"
 819      455F5544 
 819      535F4145 
 819      5400
 820              	.LASF21:
 821 02a5 4359424C 		.ascii	"CYBLE_EVT_GAP_AUTH_REQ\000"
ARM GAS  C:\Users\mohammed\AppData\Local\Temp\ccErwikd.s 			page 19


 821      455F4556 
 821      545F4741 
 821      505F4155 
 821      54485F52 
 822              	.LASF49:
 823 02bc 4359424C 		.ascii	"CYBLE_EVT_GATTC_READ_RSP\000"
 823      455F4556 
 823      545F4741 
 823      5454435F 
 823      52454144 
 824              	.LASF54:
 825 02d5 4359424C 		.ascii	"CYBLE_EVT_GATTS_WRITE_CMD_REQ\000"
 825      455F4556 
 825      545F4741 
 825      5454535F 
 825      57524954 
 826              	.LASF26:
 827 02f3 4359424C 		.ascii	"CYBLE_EVT_GAPP_ADVERTISEMENT_START_STOP\000"
 827      455F4556 
 827      545F4741 
 827      50505F41 
 827      44564552 
 828              	.LASF83:
 829 031b 4359424C 		.ascii	"CYBLE_CUSTOMS_INFO_T\000"
 829      455F4355 
 829      53544F4D 
 829      535F494E 
 829      464F5F54 
 830              	.LASF57:
 831 0330 4359424C 		.ascii	"CYBLE_EVT_GATTC_EXEC_WRITE_RSP\000"
 831      455F4556 
 831      545F4741 
 831      5454435F 
 831      45584543 
 832              	.LASF10:
 833 034f 646F7562 		.ascii	"double\000"
 833      6C6500
 834              	.LASF92:
 835 0356 4359424C 		.ascii	"CYBLE_UDS_GND\000"
 835      455F5544 
 835      535F474E 
 835      4400
 836              	.LASF85:
 837 0364 63757374 		.ascii	"customServInfo\000"
 837      6F6D5365 
 837      7276496E 
 837      666F00
 838              	.LASF124:
 839 0373 4379426C 		.ascii	"CyBle_CustomInit\000"
 839      655F4375 
 839      73746F6D 
 839      496E6974 
 839      00
 840              	.LASF78:
 841 0384 4359424C 		.ascii	"CYBLE_EVT_MAX\000"
 841      455F4556 
 841      545F4D41 
ARM GAS  C:\Users\mohammed\AppData\Local\Temp\ccErwikd.s 			page 20


 841      5800
 842              	.LASF116:
 843 0392 4359424C 		.ascii	"CYBLE_UDS_UCP\000"
 843      455F5544 
 843      535F5543 
 843      5000
 844              	.LASF118:
 845 03a0 4359424C 		.ascii	"CYBLE_UDS_CHAR_COUNT\000"
 845      455F5544 
 845      535F4348 
 845      41525F43 
 845      4F554E54 
 846              	.LASF75:
 847 03b5 4359424C 		.ascii	"CYBLE_EVT_L2CAP_CBFC_DATA_WRITE_IND\000"
 847      455F4556 
 847      545F4C32 
 847      4341505F 
 847      43424643 
 848              	.LASF62:
 849 03d9 4359424C 		.ascii	"CYBLE_EVT_GATTC_STOP_CMD_COMPLETE\000"
 849      455F4556 
 849      545F4741 
 849      5454435F 
 849      53544F50 
 850              	.LASF8:
 851 03fb 756E7369 		.ascii	"unsigned int\000"
 851      676E6564 
 851      20696E74 
 851      00
 852              	.LASF77:
 853 0408 4359424C 		.ascii	"CYBLE_EVT_LE_PING_AUTH_TIMEOUT\000"
 853      455F4556 
 853      545F4C45 
 853      5F50494E 
 853      475F4155 
 854              	.LASF109:
 855 0427 4359424C 		.ascii	"CYBLE_UDS_ANL\000"
 855      455F5544 
 855      535F414E 
 855      4C00
 856              	.LASF117:
 857 0435 4359424C 		.ascii	"CYBLE_UDS_LNG\000"
 857      455F5544 
 857      535F4C4E 
 857      4700
 858              	.LASF114:
 859 0443 4359424C 		.ascii	"CYBLE_UDS_DCI\000"
 859      455F5544 
 859      535F4443 
 859      4900
 860              	.LASF88:
 861 0451 4359424C 		.ascii	"CYBLE_UDS_LNM\000"
 861      455F5544 
 861      535F4C4E 
 861      4D00
 862              	.LASF100:
 863 045f 4359424C 		.ascii	"CYBLE_UDS_ANT\000"
ARM GAS  C:\Users\mohammed\AppData\Local\Temp\ccErwikd.s 			page 21


 863      455F5544 
 863      535F414E 
 863      5400
 864              	.LASF110:
 865 046d 4359424C 		.ascii	"CYBLE_UDS_ANU\000"
 865      455F5544 
 865      535F414E 
 865      5500
 866              	.LASF52:
 867 047b 4359424C 		.ascii	"CYBLE_EVT_GATTS_WRITE_REQ\000"
 867      455F4556 
 867      545F4741 
 867      5454535F 
 867      57524954 
 868              	.LASF123:
 869 0495 443A5C49 		.ascii	"D:\\IoT\\ProximityEvents\\Cypress PSoC\\BLE_Proximi"
 869      6F545C50 
 869      726F7869 
 869      6D697479 
 869      4576656E 
 870 04c4 74793032 		.ascii	"ty02\\BLE_Proximity01.cydsn\000"
 870      5C424C45 
 870      5F50726F 
 870      78696D69 
 870      74793031 
 871              	.LASF61:
 872 04df 4359424C 		.ascii	"CYBLE_EVT_GATTS_DATA_SIGNED_CMD_REQ\000"
 872      455F4556 
 872      545F4741 
 872      5454535F 
 872      44415441 
 873              	.LASF64:
 874 0503 4359424C 		.ascii	"CYBLE_EVT_GATTC_LONG_PROCEDURE_END\000"
 874      455F4556 
 874      545F4741 
 874      5454435F 
 874      4C4F4E47 
 875              	.LASF3:
 876 0526 73686F72 		.ascii	"short unsigned int\000"
 876      7420756E 
 876      7369676E 
 876      65642069 
 876      6E7400
 877              	.LASF13:
 878 0539 4359424C 		.ascii	"CYBLE_EVT_HOST_INVALID\000"
 878      455F4556 
 878      545F484F 
 878      53545F49 
 878      4E56414C 
 879              	.LASF47:
 880 0550 4359424C 		.ascii	"CYBLE_EVT_GATTC_FIND_INFO_RSP\000"
 880      455F4556 
 880      545F4741 
 880      5454435F 
 880      46494E44 
 881              	.LASF19:
 882 056e 4359424C 		.ascii	"CYBLE_EVT_MEMORY_REQUEST\000"
ARM GAS  C:\Users\mohammed\AppData\Local\Temp\ccErwikd.s 			page 22


 882      455F4556 
 882      545F4D45 
 882      4D4F5259 
 882      5F524551 
 883              	.LASF90:
 884 0587 4359424C 		.ascii	"CYBLE_UDS_AGE\000"
 884      455F5544 
 884      535F4147 
 884      4500
 885              	.LASF56:
 886 0595 4359424C 		.ascii	"CYBLE_EVT_GATTS_EXEC_WRITE_REQ\000"
 886      455F4556 
 886      545F4741 
 886      5454535F 
 886      45584543 
 887              	.LASF22:
 888 05b4 4359424C 		.ascii	"CYBLE_EVT_GAP_PASSKEY_ENTRY_REQUEST\000"
 888      455F4556 
 888      545F4741 
 888      505F5041 
 888      53534B45 
 889              	.LASF27:
 890 05d8 4359424C 		.ascii	"CYBLE_EVT_GAP_DEVICE_CONNECTED\000"
 890      455F4556 
 890      545F4741 
 890      505F4445 
 890      56494345 
 891              	.LASF87:
 892 05f7 4359424C 		.ascii	"CYBLE_UDS_FNM\000"
 892      455F5544 
 892      535F464E 
 892      4D00
 893              	.LASF120:
 894 0605 4359424C 		.ascii	"CYBLE_UDS_DESCR_COUNT\000"
 894      455F5544 
 894      535F4445 
 894      5343525F 
 894      434F554E 
 895              	.LASF23:
 896 061b 4359424C 		.ascii	"CYBLE_EVT_GAP_PASSKEY_DISPLAY_REQUEST\000"
 896      455F4556 
 896      545F4741 
 896      505F5041 
 896      53534B45 
 897              	.LASF41:
 898 0641 4359424C 		.ascii	"CYBLE_EVT_GATT_CONNECT_IND\000"
 898      455F4556 
 898      545F4741 
 898      54545F43 
 898      4F4E4E45 
 899              	.LASF67:
 900 065c 4359424C 		.ascii	"CYBLE_EVT_L2CAP_COMMAND_REJ\000"
 900      455F4556 
 900      545F4C32 
 900      4341505F 
 900      434F4D4D 
 901              	.LASF20:
ARM GAS  C:\Users\mohammed\AppData\Local\Temp\ccErwikd.s 			page 23


 902 0678 4359424C 		.ascii	"CYBLE_EVT_GAPC_SCAN_PROGRESS_RESULT\000"
 902      455F4556 
 902      545F4741 
 902      50435F53 
 902      43414E5F 
 903              	.LASF89:
 904 069c 4359424C 		.ascii	"CYBLE_UDS_EML\000"
 904      455F5544 
 904      535F454D 
 904      4C00
 905              	.LASF97:
 906 06aa 4359424C 		.ascii	"CYBLE_UDS_RHR\000"
 906      455F5544 
 906      535F5248 
 906      5200
 907              	.LASF68:
 908 06b8 4359424C 		.ascii	"CYBLE_EVT_L2CAP_CBFC_CONN_IND\000"
 908      455F4556 
 908      545F4C32 
 908      4341505F 
 908      43424643 
 909              	.LASF46:
 910 06d6 4359424C 		.ascii	"CYBLE_EVT_GATTC_READ_BY_TYPE_RSP\000"
 910      455F4556 
 910      545F4741 
 910      5454435F 
 910      52454144 
 911              	.LASF122:
 912 06f7 2E5C4765 		.ascii	".\\Generated_Source\\PSoC4\\CYBLE_custom.c\000"
 912      6E657261 
 912      7465645F 
 912      536F7572 
 912      63655C50 
 913              	.LASF12:
 914 071f 73697A65 		.ascii	"sizetype\000"
 914      74797065 
 914      00
 915              	.LASF25:
 916 0728 4359424C 		.ascii	"CYBLE_EVT_GAP_AUTH_FAILED\000"
 916      455F4556 
 916      545F4741 
 916      505F4155 
 916      54485F46 
 917              	.LASF53:
 918 0742 4359424C 		.ascii	"CYBLE_EVT_GATTC_WRITE_RSP\000"
 918      455F4556 
 918      545F4741 
 918      5454435F 
 918      57524954 
 919              	.LASF38:
 920 075c 4359424C 		.ascii	"CYBLE_EVT_GAPC_DIRECT_ADV_REPORT\000"
 920      455F4556 
 920      545F4741 
 920      50435F44 
 920      49524543 
 921              	.LASF36:
 922 077d 4359424C 		.ascii	"CYBLE_EVT_GAP_DATA_LENGTH_CHANGE\000"
ARM GAS  C:\Users\mohammed\AppData\Local\Temp\ccErwikd.s 			page 24


 922      455F4556 
 922      545F4741 
 922      505F4441 
 922      54415F4C 
 923              	.LASF24:
 924 079e 4359424C 		.ascii	"CYBLE_EVT_GAP_AUTH_COMPLETE\000"
 924      455F4556 
 924      545F4741 
 924      505F4155 
 924      54485F43 
 925              	.LASF58:
 926 07ba 4359424C 		.ascii	"CYBLE_EVT_GATTC_HANDLE_VALUE_NTF\000"
 926      455F4556 
 926      545F4741 
 926      5454435F 
 926      48414E44 
 927              	.LASF102:
 928 07db 4359424C 		.ascii	"CYBLE_UDS_DTA\000"
 928      455F5544 
 928      535F4454 
 928      4100
 929              	.LASF69:
 930 07e9 4359424C 		.ascii	"CYBLE_EVT_L2CAP_CBFC_CONN_CNF\000"
 930      455F4556 
 930      545F4C32 
 930      4341505F 
 930      43424643 
 931              	.LASF45:
 932 0807 4359424C 		.ascii	"CYBLE_EVT_GATTC_READ_BY_GROUP_TYPE_RSP\000"
 932      455F4556 
 932      545F4741 
 932      5454435F 
 932      52454144 
 933              	.LASF9:
 934 082e 666C6F61 		.ascii	"float\000"
 934      7400
 935              	.LASF96:
 936 0834 4359424C 		.ascii	"CYBLE_UDS_HRM\000"
 936      455F5544 
 936      535F4852 
 936      4D00
 937              	.LASF104:
 938 0842 4359424C 		.ascii	"CYBLE_UDS_HCC\000"
 938      455F5544 
 938      535F4843 
 938      4300
 939              	.LASF95:
 940 0850 4359424C 		.ascii	"CYBLE_UDS_VO2\000"
 940      455F5544 
 940      535F564F 
 940      3200
 941              	.LASF113:
 942 085e 4359424C 		.ascii	"CYBLE_UDS_2ZL\000"
 942      455F5544 
 942      535F325A 
 942      4C00
 943              	.LASF1:
ARM GAS  C:\Users\mohammed\AppData\Local\Temp\ccErwikd.s 			page 25


 944 086c 756E7369 		.ascii	"unsigned char\000"
 944      676E6564 
 944      20636861 
 944      7200
 945              	.LASF34:
 946 087a 4359424C 		.ascii	"CYBLE_EVT_GAP_KEYPRESS_NOTIFICATION\000"
 946      455F4556 
 946      545F4741 
 946      505F4B45 
 946      59505245 
 947              	.LASF2:
 948 089e 73686F72 		.ascii	"short int\000"
 948      7420696E 
 948      7400
 949              	.LASF59:
 950 08a8 4359424C 		.ascii	"CYBLE_EVT_GATTC_HANDLE_VALUE_IND\000"
 950      455F4556 
 950      545F4741 
 950      5454435F 
 950      48414E44 
 951              	.LASF98:
 952 08c9 4359424C 		.ascii	"CYBLE_UDS_MRH\000"
 952      455F5544 
 952      535F4D52 
 952      4800
 953              	.LASF55:
 954 08d7 4359424C 		.ascii	"CYBLE_EVT_GATTS_PREP_WRITE_REQ\000"
 954      455F4556 
 954      545F4741 
 954      5454535F 
 954      50524550 
 955              	.LASF29:
 956 08f6 4359424C 		.ascii	"CYBLE_EVT_GAP_ENCRYPT_CHANGE\000"
 956      455F4556 
 956      545F4741 
 956      505F454E 
 956      43525950 
 957              	.LASF60:
 958 0913 4359424C 		.ascii	"CYBLE_EVT_GATTS_HANDLE_VALUE_CNF\000"
 958      455F4556 
 958      545F4741 
 958      5454535F 
 958      48414E44 
 959              	.LASF40:
 960 0934 4359424C 		.ascii	"CYBLE_EVT_GATTC_ERROR_RSP\000"
 960      455F4556 
 960      545F4741 
 960      5454435F 
 960      4552524F 
 961              	.LASF39:
 962 094e 4359424C 		.ascii	"CYBLE_EVT_GAP_SMP_NEGOTIATED_AUTH_INFO\000"
 962      455F4556 
 962      545F4741 
 962      505F534D 
 962      505F4E45 
 963              	.LASF112:
 964 0975 4359424C 		.ascii	"CYBLE_UDS_3ZL\000"
ARM GAS  C:\Users\mohammed\AppData\Local\Temp\ccErwikd.s 			page 26


 964      455F5544 
 964      535F335A 
 964      4C00
 965              	.LASF5:
 966 0983 6C6F6E67 		.ascii	"long unsigned int\000"
 966      20756E73 
 966      69676E65 
 966      6420696E 
 966      7400
 967              	.LASF11:
 968 0995 63686172 		.ascii	"char\000"
 968      00
 969              	.LASF28:
 970 099a 4359424C 		.ascii	"CYBLE_EVT_GAP_DEVICE_DISCONNECTED\000"
 970      455F4556 
 970      545F4741 
 970      505F4445 
 970      56494345 
 971              	.LASF63:
 972 09bc 4359424C 		.ascii	"CYBLE_EVT_GATTS_READ_CHAR_VAL_ACCESS_REQ\000"
 972      455F4556 
 972      545F4741 
 972      5454535F 
 972      52454144 
 973              	.LASF74:
 974 09e5 4359424C 		.ascii	"CYBLE_EVT_L2CAP_CBFC_TX_CREDIT_IND\000"
 974      455F4556 
 974      545F4C32 
 974      4341505F 
 974      43424643 
 975              	.LASF16:
 976 0a08 4359424C 		.ascii	"CYBLE_EVT_HARDWARE_ERROR\000"
 976      455F4556 
 976      545F4841 
 976      52445741 
 976      52455F45 
 977              	.LASF105:
 978 0a21 4359424C 		.ascii	"CYBLE_UDS_FBL\000"
 978      455F5544 
 978      535F4642 
 978      4C00
 979              	.LASF43:
 980 0a2f 4359424C 		.ascii	"CYBLE_EVT_GATTS_XCNHG_MTU_REQ\000"
 980      455F4556 
 980      545F4741 
 980      5454535F 
 980      58434E48 
 981              	.LASF106:
 982 0a4d 4359424C 		.ascii	"CYBLE_UDS_FBU\000"
 982      455F5544 
 982      535F4642 
 982      5500
 983              	.LASF101:
 984 0a5b 4359424C 		.ascii	"CYBLE_UDS_STP\000"
 984      455F5544 
 984      535F5354 
 984      5000
ARM GAS  C:\Users\mohammed\AppData\Local\Temp\ccErwikd.s 			page 27


 985              	.LASF103:
 986 0a69 4359424C 		.ascii	"CYBLE_UDS_WCC\000"
 986      455F5544 
 986      535F5743 
 986      4300
 987              	.LASF50:
 988 0a77 4359424C 		.ascii	"CYBLE_EVT_GATTC_READ_BLOB_RSP\000"
 988      455F4556 
 988      545F4741 
 988      5454435F 
 988      52454144 
 989              	.LASF91:
 990 0a95 4359424C 		.ascii	"CYBLE_UDS_DOB\000"
 990      455F5544 
 990      535F444F 
 990      4200
 991              	.LASF121:
 992 0aa3 474E5520 		.ascii	"GNU C 4.9.3 20150303 (release) [ARM/embedded-4_9-br"
 992      4320342E 
 992      392E3320 
 992      32303135 
 992      30333033 
 993 0ad6 616E6368 		.ascii	"anch revision 221220] -mcpu=cortex-m0 -mthumb -g -O"
 993      20726576 
 993      6973696F 
 993      6E203232 
 993      31323230 
 994 0b09 30202D66 		.ascii	"0 -ffunction-sections -ffat-lto-objects\000"
 994      66756E63 
 994      74696F6E 
 994      2D736563 
 994      74696F6E 
 995              	.LASF48:
 996 0b31 4359424C 		.ascii	"CYBLE_EVT_GATTC_FIND_BY_TYPE_VALUE_RSP\000"
 996      455F4556 
 996      545F4741 
 996      5454435F 
 996      46494E44 
 997              	.LASF32:
 998 0b58 4359424C 		.ascii	"CYBLE_EVT_GAP_KEYINFO_EXCHNGE_CMPLT\000"
 998      455F4556 
 998      545F4741 
 998      505F4B45 
 998      59494E46 
 999              	.LASF70:
 1000 0b7c 4359424C 		.ascii	"CYBLE_EVT_L2CAP_CBFC_DISCONN_IND\000"
 1000      455F4556 
 1000      545F4C32 
 1000      4341505F 
 1000      43424643 
 1001              	.LASF86:
 1002 0b9d 4359424C 		.ascii	"CYBLE_CUSTOMS_T\000"
 1002      455F4355 
 1002      53544F4D 
 1002      535F5400 
 1003              	.LASF66:
 1004 0bad 4359424C 		.ascii	"CYBLE_EVT_L2CAP_CONN_PARAM_UPDATE_RSP\000"
ARM GAS  C:\Users\mohammed\AppData\Local\Temp\ccErwikd.s 			page 28


 1004      455F4556 
 1004      545F4C32 
 1004      4341505F 
 1004      434F4E4E 
 1005              	.LASF37:
 1006 0bd3 4359424C 		.ascii	"CYBLE_EVT_GAP_ENHANCE_CONN_COMPLETE\000"
 1006      455F4556 
 1006      545F4741 
 1006      505F454E 
 1006      48414E43 
 1007              	.LASF80:
 1008 0bf7 4359424C 		.ascii	"CYBLE_GATT_DB_ATTR_HANDLE_T\000"
 1008      455F4741 
 1008      54545F44 
 1008      425F4154 
 1008      54525F48 
 1009              	.LASF81:
 1010 0c13 63757374 		.ascii	"customServCharHandle\000"
 1010      6F6D5365 
 1010      72764368 
 1010      61724861 
 1010      6E646C65 
 1011              	.LASF42:
 1012 0c28 4359424C 		.ascii	"CYBLE_EVT_GATT_DISCONNECT_IND\000"
 1012      455F4556 
 1012      545F4741 
 1012      54545F44 
 1012      4953434F 
 1013              	.LASF82:
 1014 0c46 63757374 		.ascii	"customServCharDesc\000"
 1014      6F6D5365 
 1014      72764368 
 1014      61724465 
 1014      736300
 1015              		.ident	"GCC: (GNU Tools for ARM Embedded Processors) 4.9.3 20150303 (release) [ARM/embedded-4_9-br
