ARM GAS  C:\Users\mohammed\AppData\Local\Temp\ccZO9ngf.s 			page 1


   1              		.cpu cortex-m0
   2              		.fpu softvfp
   3              		.eabi_attribute 20, 1
   4              		.eabi_attribute 21, 1
   5              		.eabi_attribute 23, 3
   6              		.eabi_attribute 24, 1
   7              		.eabi_attribute 25, 1
   8              		.eabi_attribute 26, 1
   9              		.eabi_attribute 30, 4
  10              		.eabi_attribute 34, 0
  11              		.eabi_attribute 18, 4
  12              		.code	16
  13              		.file	"debug.c"
  14              		.text
  15              	.Ltext0:
  16              		.cfi_sections	.debug_frame
  17              		.section	.text._write,"ax",%progbits
  18              		.align	1
  19              		.global	_write
  20              		.code	16
  21              		.thumb_func
  22              		.type	_write, %function
  23              	_write:
  24              	.LFB37:
  25              		.file 1 ".\\debug.c"
   1:.\debug.c     **** /*******************************************************************************
   2:.\debug.c     **** * File Name: debug.c
   3:.\debug.c     **** *
   4:.\debug.c     **** * Description:
   5:.\debug.c     **** *  Contains source code to support output of debug info to UART interface.
   6:.\debug.c     **** *
   7:.\debug.c     **** *******************************************************************************
   8:.\debug.c     **** * Copyright 2015, Cypress Semiconductor Corporation.  All rights reserved.
   9:.\debug.c     **** * You may use this file only in accordance with the license, terms, conditions,
  10:.\debug.c     **** * disclaimers, and limitations in the end user license agreement accompanying
  11:.\debug.c     **** * the software package with which this file was provided.
  12:.\debug.c     **** *******************************************************************************/
  13:.\debug.c     **** 
  14:.\debug.c     **** #include "common.h"
  15:.\debug.c     **** 
  16:.\debug.c     **** #if (DEBUG_UART_ENABLED == ENABLED)
  17:.\debug.c     **** 
  18:.\debug.c     **** #if defined(__ARMCC_VERSION)
  19:.\debug.c     **** 
  20:.\debug.c     **** /* For MDK/RVDS compiler revise fputc function for printf functionality */
  21:.\debug.c     **** struct __FILE
  22:.\debug.c     **** {
  23:.\debug.c     ****     int handle;
  24:.\debug.c     **** };
  25:.\debug.c     **** 
  26:.\debug.c     **** enum
  27:.\debug.c     **** {
  28:.\debug.c     ****     STDIN_HANDLE,
  29:.\debug.c     ****     STDOUT_HANDLE,
  30:.\debug.c     ****     STDERR_HANDLE
  31:.\debug.c     **** };
  32:.\debug.c     **** 
ARM GAS  C:\Users\mohammed\AppData\Local\Temp\ccZO9ngf.s 			page 2


  33:.\debug.c     **** FILE __stdin = {STDIN_HANDLE};
  34:.\debug.c     **** FILE __stdout = {STDOUT_HANDLE};
  35:.\debug.c     **** FILE __stderr = {STDERR_HANDLE};
  36:.\debug.c     **** 
  37:.\debug.c     **** int fputc(int ch, FILE *file)
  38:.\debug.c     **** {
  39:.\debug.c     ****     int ret = EOF;
  40:.\debug.c     **** 
  41:.\debug.c     ****     switch( file->handle )
  42:.\debug.c     ****     {
  43:.\debug.c     ****         case STDOUT_HANDLE:
  44:.\debug.c     ****             UART_DEB_UartPutChar(ch);
  45:.\debug.c     ****             ret = ch ;
  46:.\debug.c     ****             break ;
  47:.\debug.c     **** 
  48:.\debug.c     ****         case STDERR_HANDLE:
  49:.\debug.c     ****             ret = ch ;
  50:.\debug.c     ****             break ;
  51:.\debug.c     **** 
  52:.\debug.c     ****         default:
  53:.\debug.c     ****             file = file;
  54:.\debug.c     ****             break ;
  55:.\debug.c     ****     }
  56:.\debug.c     ****     return ret ;
  57:.\debug.c     **** }
  58:.\debug.c     **** 
  59:.\debug.c     **** #elif defined (__ICCARM__)      /* IAR */
  60:.\debug.c     **** 
  61:.\debug.c     **** /* For IAR compiler revise __write() function for printf functionality */
  62:.\debug.c     **** size_t __write(int handle, const unsigned char * buffer, size_t size)
  63:.\debug.c     **** {
  64:.\debug.c     ****     size_t nChars = 0;
  65:.\debug.c     **** 
  66:.\debug.c     ****     if (buffer == 0)
  67:.\debug.c     ****     {
  68:.\debug.c     ****         /*
  69:.\debug.c     ****          * This means that we should flush internal buffers.  Since we
  70:.\debug.c     ****          * don't we just return.  (Remember, "handle" == -1 means that all
  71:.\debug.c     ****          * handles should be flushed.)
  72:.\debug.c     ****          */
  73:.\debug.c     ****         return (0);
  74:.\debug.c     ****     }
  75:.\debug.c     **** 
  76:.\debug.c     ****     for (/* Empty */; size != 0; --size)
  77:.\debug.c     ****     {
  78:.\debug.c     ****         UART_DEB_UartPutChar(*buffer++);
  79:.\debug.c     ****         ++nChars;
  80:.\debug.c     ****     }
  81:.\debug.c     **** 
  82:.\debug.c     ****     return (nChars);
  83:.\debug.c     **** }
  84:.\debug.c     **** 
  85:.\debug.c     **** #else  /* (__GNUC__)  GCC */
  86:.\debug.c     **** 
  87:.\debug.c     **** /* For GCC compiler revise _write() function for printf functionality */
  88:.\debug.c     **** int _write(int file, char *ptr, int len)
  89:.\debug.c     **** {
ARM GAS  C:\Users\mohammed\AppData\Local\Temp\ccZO9ngf.s 			page 3


  26              		.loc 1 89 0
  27              		.cfi_startproc
  28              	.LVL0:
  29 0000 70B5     		push	{r4, r5, r6, lr}
  30              		.cfi_def_cfa_offset 16
  31              		.cfi_offset 4, -16
  32              		.cfi_offset 5, -12
  33              		.cfi_offset 6, -8
  34              		.cfi_offset 14, -4
  35              		.loc 1 89 0
  36 0002 0E1C     		mov	r6, r1
  37 0004 151C     		mov	r5, r2
  90:.\debug.c     ****     int i;
  91:.\debug.c     ****     file = file;
  92:.\debug.c     ****     for (i = 0; i < len; i++)
  38              		.loc 1 92 0
  39 0006 0C1C     		mov	r4, r1
  40              	.LVL1:
  41              	.L2:
  42 0008 A31B     		sub	r3, r4, r6
  43              		.loc 1 92 0 is_stmt 0 discriminator 1
  44 000a AB42     		cmp	r3, r5
  45 000c 04DA     		bge	.L5
  46              	.LVL2:
  93:.\debug.c     ****     {
  94:.\debug.c     ****         UART_DEB_UartPutChar(*ptr++);
  47              		.loc 1 94 0 is_stmt 1 discriminator 3
  48 000e 2078     		ldrb	r0, [r4]
  49 0010 FFF7FEFF 		bl	UART_DEB_SpiUartWriteTxData
  50              	.LVL3:
  51 0014 0134     		add	r4, r4, #1
  52              	.LVL4:
  53 0016 F7E7     		b	.L2
  54              	.L5:
  95:.\debug.c     ****     }
  96:.\debug.c     ****     return len;
  97:.\debug.c     **** }
  55              		.loc 1 97 0
  56 0018 281C     		mov	r0, r5
  57              		@ sp needed
  58              	.LVL5:
  59              	.LVL6:
  60 001a 70BD     		pop	{r4, r5, r6, pc}
  61              		.cfi_endproc
  62              	.LFE37:
  63              		.size	_write, .-_write
  64              		.text
  65              	.Letext0:
  66              		.file 2 "Generated_Source\\PSoC4/cytypes.h"
  67              		.file 3 "Generated_Source\\PSoC4/UART_DEB_SPI_UART.h"
  68              		.section	.debug_info,"",%progbits
  69              	.Ldebug_info0:
  70 0000 08010000 		.4byte	0x108
  71 0004 0400     		.2byte	0x4
  72 0006 00000000 		.4byte	.Ldebug_abbrev0
  73 000a 04       		.byte	0x4
  74 000b 01       		.uleb128 0x1
ARM GAS  C:\Users\mohammed\AppData\Local\Temp\ccZO9ngf.s 			page 4


  75 000c 48000000 		.4byte	.LASF15
  76 0010 01       		.byte	0x1
  77 0011 22000000 		.4byte	.LASF16
  78 0015 19010000 		.4byte	.LASF17
  79 0019 00000000 		.4byte	.Ldebug_ranges0+0
  80 001d 00000000 		.4byte	0
  81 0021 00000000 		.4byte	.Ldebug_line0
  82 0025 02       		.uleb128 0x2
  83 0026 01       		.byte	0x1
  84 0027 06       		.byte	0x6
  85 0028 8B010000 		.4byte	.LASF0
  86 002c 02       		.uleb128 0x2
  87 002d 01       		.byte	0x1
  88 002e 08       		.byte	0x8
  89 002f 06010000 		.4byte	.LASF1
  90 0033 02       		.uleb128 0x2
  91 0034 02       		.byte	0x2
  92 0035 05       		.byte	0x5
  93 0036 A9010000 		.4byte	.LASF2
  94 003a 02       		.uleb128 0x2
  95 003b 02       		.byte	0x2
  96 003c 07       		.byte	0x7
  97 003d 78010000 		.4byte	.LASF3
  98 0041 02       		.uleb128 0x2
  99 0042 04       		.byte	0x4
 100 0043 05       		.byte	0x5
 101 0044 63010000 		.4byte	.LASF4
 102 0048 02       		.uleb128 0x2
 103 0049 04       		.byte	0x4
 104 004a 07       		.byte	0x7
 105 004b D6000000 		.4byte	.LASF5
 106 004f 02       		.uleb128 0x2
 107 0050 08       		.byte	0x8
 108 0051 05       		.byte	0x5
 109 0052 00000000 		.4byte	.LASF6
 110 0056 02       		.uleb128 0x2
 111 0057 08       		.byte	0x8
 112 0058 07       		.byte	0x7
 113 0059 E8000000 		.4byte	.LASF7
 114 005d 03       		.uleb128 0x3
 115 005e 04       		.byte	0x4
 116 005f 05       		.byte	0x5
 117 0060 696E7400 		.ascii	"int\000"
 118 0064 02       		.uleb128 0x2
 119 0065 04       		.byte	0x4
 120 0066 07       		.byte	0x7
 121 0067 15000000 		.4byte	.LASF8
 122 006b 04       		.uleb128 0x4
 123 006c 0E000000 		.4byte	.LASF18
 124 0070 02       		.byte	0x2
 125 0071 3A01     		.2byte	0x13a
 126 0073 48000000 		.4byte	0x48
 127 0077 02       		.uleb128 0x2
 128 0078 04       		.byte	0x4
 129 0079 04       		.byte	0x4
 130 007a A3010000 		.4byte	.LASF9
 131 007e 02       		.uleb128 0x2
ARM GAS  C:\Users\mohammed\AppData\Local\Temp\ccZO9ngf.s 			page 5


 132 007f 08       		.byte	0x8
 133 0080 04       		.byte	0x4
 134 0081 71010000 		.4byte	.LASF10
 135 0085 02       		.uleb128 0x2
 136 0086 01       		.byte	0x1
 137 0087 08       		.byte	0x8
 138 0088 14010000 		.4byte	.LASF11
 139 008c 02       		.uleb128 0x2
 140 008d 04       		.byte	0x4
 141 008e 07       		.byte	0x7
 142 008f B3010000 		.4byte	.LASF12
 143 0093 05       		.uleb128 0x5
 144 0094 04       		.byte	0x4
 145 0095 85000000 		.4byte	0x85
 146 0099 02       		.uleb128 0x2
 147 009a 08       		.byte	0x8
 148 009b 04       		.byte	0x4
 149 009c 97010000 		.4byte	.LASF13
 150 00a0 06       		.uleb128 0x6
 151 00a1 FF000000 		.4byte	.LASF19
 152 00a5 01       		.byte	0x1
 153 00a6 58       		.byte	0x58
 154 00a7 5D000000 		.4byte	0x5d
 155 00ab 00000000 		.4byte	.LFB37
 156 00af 1C000000 		.4byte	.LFE37-.LFB37
 157 00b3 01       		.uleb128 0x1
 158 00b4 9C       		.byte	0x9c
 159 00b5 FD000000 		.4byte	0xfd
 160 00b9 07       		.uleb128 0x7
 161 00ba 6C010000 		.4byte	.LASF14
 162 00be 01       		.byte	0x1
 163 00bf 58       		.byte	0x58
 164 00c0 5D000000 		.4byte	0x5d
 165 00c4 00000000 		.4byte	.LLST0
 166 00c8 08       		.uleb128 0x8
 167 00c9 70747200 		.ascii	"ptr\000"
 168 00cd 01       		.byte	0x1
 169 00ce 58       		.byte	0x58
 170 00cf 93000000 		.4byte	0x93
 171 00d3 21000000 		.4byte	.LLST1
 172 00d7 08       		.uleb128 0x8
 173 00d8 6C656E00 		.ascii	"len\000"
 174 00dc 01       		.byte	0x1
 175 00dd 58       		.byte	0x58
 176 00de 5D000000 		.4byte	0x5d
 177 00e2 57000000 		.4byte	.LLST2
 178 00e6 09       		.uleb128 0x9
 179 00e7 6900     		.ascii	"i\000"
 180 00e9 01       		.byte	0x1
 181 00ea 5A       		.byte	0x5a
 182 00eb 5D000000 		.4byte	0x5d
 183 00ef 80000000 		.4byte	.LLST3
 184 00f3 0A       		.uleb128 0xa
 185 00f4 14000000 		.4byte	.LVL3
 186 00f8 FD000000 		.4byte	0xfd
 187 00fc 00       		.byte	0
 188 00fd 0B       		.uleb128 0xb
ARM GAS  C:\Users\mohammed\AppData\Local\Temp\ccZO9ngf.s 			page 6


 189 00fe 2C000000 		.4byte	.LASF20
 190 0102 03       		.byte	0x3
 191 0103 8C01     		.2byte	0x18c
 192 0105 0C       		.uleb128 0xc
 193 0106 6B000000 		.4byte	0x6b
 194 010a 00       		.byte	0
 195 010b 00       		.byte	0
 196              		.section	.debug_abbrev,"",%progbits
 197              	.Ldebug_abbrev0:
 198 0000 01       		.uleb128 0x1
 199 0001 11       		.uleb128 0x11
 200 0002 01       		.byte	0x1
 201 0003 25       		.uleb128 0x25
 202 0004 0E       		.uleb128 0xe
 203 0005 13       		.uleb128 0x13
 204 0006 0B       		.uleb128 0xb
 205 0007 03       		.uleb128 0x3
 206 0008 0E       		.uleb128 0xe
 207 0009 1B       		.uleb128 0x1b
 208 000a 0E       		.uleb128 0xe
 209 000b 55       		.uleb128 0x55
 210 000c 17       		.uleb128 0x17
 211 000d 11       		.uleb128 0x11
 212 000e 01       		.uleb128 0x1
 213 000f 10       		.uleb128 0x10
 214 0010 17       		.uleb128 0x17
 215 0011 00       		.byte	0
 216 0012 00       		.byte	0
 217 0013 02       		.uleb128 0x2
 218 0014 24       		.uleb128 0x24
 219 0015 00       		.byte	0
 220 0016 0B       		.uleb128 0xb
 221 0017 0B       		.uleb128 0xb
 222 0018 3E       		.uleb128 0x3e
 223 0019 0B       		.uleb128 0xb
 224 001a 03       		.uleb128 0x3
 225 001b 0E       		.uleb128 0xe
 226 001c 00       		.byte	0
 227 001d 00       		.byte	0
 228 001e 03       		.uleb128 0x3
 229 001f 24       		.uleb128 0x24
 230 0020 00       		.byte	0
 231 0021 0B       		.uleb128 0xb
 232 0022 0B       		.uleb128 0xb
 233 0023 3E       		.uleb128 0x3e
 234 0024 0B       		.uleb128 0xb
 235 0025 03       		.uleb128 0x3
 236 0026 08       		.uleb128 0x8
 237 0027 00       		.byte	0
 238 0028 00       		.byte	0
 239 0029 04       		.uleb128 0x4
 240 002a 16       		.uleb128 0x16
 241 002b 00       		.byte	0
 242 002c 03       		.uleb128 0x3
 243 002d 0E       		.uleb128 0xe
 244 002e 3A       		.uleb128 0x3a
 245 002f 0B       		.uleb128 0xb
ARM GAS  C:\Users\mohammed\AppData\Local\Temp\ccZO9ngf.s 			page 7


 246 0030 3B       		.uleb128 0x3b
 247 0031 05       		.uleb128 0x5
 248 0032 49       		.uleb128 0x49
 249 0033 13       		.uleb128 0x13
 250 0034 00       		.byte	0
 251 0035 00       		.byte	0
 252 0036 05       		.uleb128 0x5
 253 0037 0F       		.uleb128 0xf
 254 0038 00       		.byte	0
 255 0039 0B       		.uleb128 0xb
 256 003a 0B       		.uleb128 0xb
 257 003b 49       		.uleb128 0x49
 258 003c 13       		.uleb128 0x13
 259 003d 00       		.byte	0
 260 003e 00       		.byte	0
 261 003f 06       		.uleb128 0x6
 262 0040 2E       		.uleb128 0x2e
 263 0041 01       		.byte	0x1
 264 0042 3F       		.uleb128 0x3f
 265 0043 19       		.uleb128 0x19
 266 0044 03       		.uleb128 0x3
 267 0045 0E       		.uleb128 0xe
 268 0046 3A       		.uleb128 0x3a
 269 0047 0B       		.uleb128 0xb
 270 0048 3B       		.uleb128 0x3b
 271 0049 0B       		.uleb128 0xb
 272 004a 27       		.uleb128 0x27
 273 004b 19       		.uleb128 0x19
 274 004c 49       		.uleb128 0x49
 275 004d 13       		.uleb128 0x13
 276 004e 11       		.uleb128 0x11
 277 004f 01       		.uleb128 0x1
 278 0050 12       		.uleb128 0x12
 279 0051 06       		.uleb128 0x6
 280 0052 40       		.uleb128 0x40
 281 0053 18       		.uleb128 0x18
 282 0054 9742     		.uleb128 0x2117
 283 0056 19       		.uleb128 0x19
 284 0057 01       		.uleb128 0x1
 285 0058 13       		.uleb128 0x13
 286 0059 00       		.byte	0
 287 005a 00       		.byte	0
 288 005b 07       		.uleb128 0x7
 289 005c 05       		.uleb128 0x5
 290 005d 00       		.byte	0
 291 005e 03       		.uleb128 0x3
 292 005f 0E       		.uleb128 0xe
 293 0060 3A       		.uleb128 0x3a
 294 0061 0B       		.uleb128 0xb
 295 0062 3B       		.uleb128 0x3b
 296 0063 0B       		.uleb128 0xb
 297 0064 49       		.uleb128 0x49
 298 0065 13       		.uleb128 0x13
 299 0066 02       		.uleb128 0x2
 300 0067 17       		.uleb128 0x17
 301 0068 00       		.byte	0
 302 0069 00       		.byte	0
ARM GAS  C:\Users\mohammed\AppData\Local\Temp\ccZO9ngf.s 			page 8


 303 006a 08       		.uleb128 0x8
 304 006b 05       		.uleb128 0x5
 305 006c 00       		.byte	0
 306 006d 03       		.uleb128 0x3
 307 006e 08       		.uleb128 0x8
 308 006f 3A       		.uleb128 0x3a
 309 0070 0B       		.uleb128 0xb
 310 0071 3B       		.uleb128 0x3b
 311 0072 0B       		.uleb128 0xb
 312 0073 49       		.uleb128 0x49
 313 0074 13       		.uleb128 0x13
 314 0075 02       		.uleb128 0x2
 315 0076 17       		.uleb128 0x17
 316 0077 00       		.byte	0
 317 0078 00       		.byte	0
 318 0079 09       		.uleb128 0x9
 319 007a 34       		.uleb128 0x34
 320 007b 00       		.byte	0
 321 007c 03       		.uleb128 0x3
 322 007d 08       		.uleb128 0x8
 323 007e 3A       		.uleb128 0x3a
 324 007f 0B       		.uleb128 0xb
 325 0080 3B       		.uleb128 0x3b
 326 0081 0B       		.uleb128 0xb
 327 0082 49       		.uleb128 0x49
 328 0083 13       		.uleb128 0x13
 329 0084 02       		.uleb128 0x2
 330 0085 17       		.uleb128 0x17
 331 0086 00       		.byte	0
 332 0087 00       		.byte	0
 333 0088 0A       		.uleb128 0xa
 334 0089 898201   		.uleb128 0x4109
 335 008c 00       		.byte	0
 336 008d 11       		.uleb128 0x11
 337 008e 01       		.uleb128 0x1
 338 008f 31       		.uleb128 0x31
 339 0090 13       		.uleb128 0x13
 340 0091 00       		.byte	0
 341 0092 00       		.byte	0
 342 0093 0B       		.uleb128 0xb
 343 0094 2E       		.uleb128 0x2e
 344 0095 01       		.byte	0x1
 345 0096 3F       		.uleb128 0x3f
 346 0097 19       		.uleb128 0x19
 347 0098 03       		.uleb128 0x3
 348 0099 0E       		.uleb128 0xe
 349 009a 3A       		.uleb128 0x3a
 350 009b 0B       		.uleb128 0xb
 351 009c 3B       		.uleb128 0x3b
 352 009d 05       		.uleb128 0x5
 353 009e 27       		.uleb128 0x27
 354 009f 19       		.uleb128 0x19
 355 00a0 3C       		.uleb128 0x3c
 356 00a1 19       		.uleb128 0x19
 357 00a2 00       		.byte	0
 358 00a3 00       		.byte	0
 359 00a4 0C       		.uleb128 0xc
ARM GAS  C:\Users\mohammed\AppData\Local\Temp\ccZO9ngf.s 			page 9


 360 00a5 05       		.uleb128 0x5
 361 00a6 00       		.byte	0
 362 00a7 49       		.uleb128 0x49
 363 00a8 13       		.uleb128 0x13
 364 00a9 00       		.byte	0
 365 00aa 00       		.byte	0
 366 00ab 00       		.byte	0
 367              		.section	.debug_loc,"",%progbits
 368              	.Ldebug_loc0:
 369              	.LLST0:
 370 0000 00000000 		.4byte	.LVL0
 371 0004 08000000 		.4byte	.LVL1
 372 0008 0100     		.2byte	0x1
 373 000a 50       		.byte	0x50
 374 000b 08000000 		.4byte	.LVL1
 375 000f 1C000000 		.4byte	.LFE37
 376 0013 0400     		.2byte	0x4
 377 0015 F3       		.byte	0xf3
 378 0016 01       		.uleb128 0x1
 379 0017 50       		.byte	0x50
 380 0018 9F       		.byte	0x9f
 381 0019 00000000 		.4byte	0
 382 001d 00000000 		.4byte	0
 383              	.LLST1:
 384 0021 00000000 		.4byte	.LVL0
 385 0025 08000000 		.4byte	.LVL1
 386 0029 0100     		.2byte	0x1
 387 002b 51       		.byte	0x51
 388 002c 08000000 		.4byte	.LVL1
 389 0030 0E000000 		.4byte	.LVL2
 390 0034 0100     		.2byte	0x1
 391 0036 54       		.byte	0x54
 392 0037 0E000000 		.4byte	.LVL2
 393 003b 16000000 		.4byte	.LVL4
 394 003f 0300     		.2byte	0x3
 395 0041 74       		.byte	0x74
 396 0042 01       		.sleb128 1
 397 0043 9F       		.byte	0x9f
 398 0044 16000000 		.4byte	.LVL4
 399 0048 1A000000 		.4byte	.LVL5
 400 004c 0100     		.2byte	0x1
 401 004e 54       		.byte	0x54
 402 004f 00000000 		.4byte	0
 403 0053 00000000 		.4byte	0
 404              	.LLST2:
 405 0057 00000000 		.4byte	.LVL0
 406 005b 08000000 		.4byte	.LVL1
 407 005f 0100     		.2byte	0x1
 408 0061 52       		.byte	0x52
 409 0062 08000000 		.4byte	.LVL1
 410 0066 1A000000 		.4byte	.LVL6
 411 006a 0100     		.2byte	0x1
 412 006c 55       		.byte	0x55
 413 006d 1A000000 		.4byte	.LVL6
 414 0071 1C000000 		.4byte	.LFE37
 415 0075 0100     		.2byte	0x1
 416 0077 50       		.byte	0x50
ARM GAS  C:\Users\mohammed\AppData\Local\Temp\ccZO9ngf.s 			page 10


 417 0078 00000000 		.4byte	0
 418 007c 00000000 		.4byte	0
 419              	.LLST3:
 420 0080 00000000 		.4byte	.LVL0
 421 0084 08000000 		.4byte	.LVL1
 422 0088 0200     		.2byte	0x2
 423 008a 30       		.byte	0x30
 424 008b 9F       		.byte	0x9f
 425 008c 08000000 		.4byte	.LVL1
 426 0090 14000000 		.4byte	.LVL3
 427 0094 0600     		.2byte	0x6
 428 0096 74       		.byte	0x74
 429 0097 00       		.sleb128 0
 430 0098 76       		.byte	0x76
 431 0099 00       		.sleb128 0
 432 009a 1C       		.byte	0x1c
 433 009b 9F       		.byte	0x9f
 434 009c 14000000 		.4byte	.LVL3
 435 00a0 16000000 		.4byte	.LVL4
 436 00a4 0800     		.2byte	0x8
 437 00a6 74       		.byte	0x74
 438 00a7 00       		.sleb128 0
 439 00a8 76       		.byte	0x76
 440 00a9 00       		.sleb128 0
 441 00aa 1C       		.byte	0x1c
 442 00ab 23       		.byte	0x23
 443 00ac 01       		.uleb128 0x1
 444 00ad 9F       		.byte	0x9f
 445 00ae 16000000 		.4byte	.LVL4
 446 00b2 1A000000 		.4byte	.LVL5
 447 00b6 0600     		.2byte	0x6
 448 00b8 74       		.byte	0x74
 449 00b9 00       		.sleb128 0
 450 00ba 76       		.byte	0x76
 451 00bb 00       		.sleb128 0
 452 00bc 1C       		.byte	0x1c
 453 00bd 9F       		.byte	0x9f
 454 00be 00000000 		.4byte	0
 455 00c2 00000000 		.4byte	0
 456              		.section	.debug_aranges,"",%progbits
 457 0000 1C000000 		.4byte	0x1c
 458 0004 0200     		.2byte	0x2
 459 0006 00000000 		.4byte	.Ldebug_info0
 460 000a 04       		.byte	0x4
 461 000b 00       		.byte	0
 462 000c 0000     		.2byte	0
 463 000e 0000     		.2byte	0
 464 0010 00000000 		.4byte	.LFB37
 465 0014 1C000000 		.4byte	.LFE37-.LFB37
 466 0018 00000000 		.4byte	0
 467 001c 00000000 		.4byte	0
 468              		.section	.debug_ranges,"",%progbits
 469              	.Ldebug_ranges0:
 470 0000 00000000 		.4byte	.LFB37
 471 0004 1C000000 		.4byte	.LFE37
 472 0008 00000000 		.4byte	0
 473 000c 00000000 		.4byte	0
ARM GAS  C:\Users\mohammed\AppData\Local\Temp\ccZO9ngf.s 			page 11


 474              		.section	.debug_line,"",%progbits
 475              	.Ldebug_line0:
 476 0000 80000000 		.section	.debug_str,"MS",%progbits,1
 476      02005B00 
 476      00000201 
 476      FB0E0D00 
 476      01010101 
 477              	.LASF6:
 478 0000 6C6F6E67 		.ascii	"long long int\000"
 478      206C6F6E 
 478      6720696E 
 478      7400
 479              	.LASF18:
 480 000e 75696E74 		.ascii	"uint32\000"
 480      333200
 481              	.LASF8:
 482 0015 756E7369 		.ascii	"unsigned int\000"
 482      676E6564 
 482      20696E74 
 482      00
 483              	.LASF16:
 484 0022 2E5C6465 		.ascii	".\\debug.c\000"
 484      6275672E 
 484      6300
 485              	.LASF20:
 486 002c 55415254 		.ascii	"UART_DEB_SpiUartWriteTxData\000"
 486      5F444542 
 486      5F537069 
 486      55617274 
 486      57726974 
 487              	.LASF15:
 488 0048 474E5520 		.ascii	"GNU C 4.9.3 20150303 (release) [ARM/embedded-4_9-br"
 488      4320342E 
 488      392E3320 
 488      32303135 
 488      30333033 
 489 007b 616E6368 		.ascii	"anch revision 221220] -mcpu=cortex-m0 -mthumb -g -O"
 489      20726576 
 489      6973696F 
 489      6E203232 
 489      31323230 
 490 00ae 73202D66 		.ascii	"s -ffunction-sections -ffat-lto-objects\000"
 490      66756E63 
 490      74696F6E 
 490      2D736563 
 490      74696F6E 
 491              	.LASF5:
 492 00d6 6C6F6E67 		.ascii	"long unsigned int\000"
 492      20756E73 
 492      69676E65 
 492      6420696E 
 492      7400
 493              	.LASF7:
 494 00e8 6C6F6E67 		.ascii	"long long unsigned int\000"
 494      206C6F6E 
 494      6720756E 
 494      7369676E 
ARM GAS  C:\Users\mohammed\AppData\Local\Temp\ccZO9ngf.s 			page 12


 494      65642069 
 495              	.LASF19:
 496 00ff 5F777269 		.ascii	"_write\000"
 496      746500
 497              	.LASF1:
 498 0106 756E7369 		.ascii	"unsigned char\000"
 498      676E6564 
 498      20636861 
 498      7200
 499              	.LASF11:
 500 0114 63686172 		.ascii	"char\000"
 500      00
 501              	.LASF17:
 502 0119 443A5C49 		.ascii	"D:\\IoT\\ProximityEvents\\Cypress PSoC\\BLE_Proximi"
 502      6F545C50 
 502      726F7869 
 502      6D697479 
 502      4576656E 
 503 0148 74793032 		.ascii	"ty02\\BLE_Proximity01.cydsn\000"
 503      5C424C45 
 503      5F50726F 
 503      78696D69 
 503      74793031 
 504              	.LASF4:
 505 0163 6C6F6E67 		.ascii	"long int\000"
 505      20696E74 
 505      00
 506              	.LASF14:
 507 016c 66696C65 		.ascii	"file\000"
 507      00
 508              	.LASF10:
 509 0171 646F7562 		.ascii	"double\000"
 509      6C6500
 510              	.LASF3:
 511 0178 73686F72 		.ascii	"short unsigned int\000"
 511      7420756E 
 511      7369676E 
 511      65642069 
 511      6E7400
 512              	.LASF0:
 513 018b 7369676E 		.ascii	"signed char\000"
 513      65642063 
 513      68617200 
 514              	.LASF13:
 515 0197 6C6F6E67 		.ascii	"long double\000"
 515      20646F75 
 515      626C6500 
 516              	.LASF9:
 517 01a3 666C6F61 		.ascii	"float\000"
 517      7400
 518              	.LASF2:
 519 01a9 73686F72 		.ascii	"short int\000"
 519      7420696E 
 519      7400
 520              	.LASF12:
 521 01b3 73697A65 		.ascii	"sizetype\000"
 521      74797065 
ARM GAS  C:\Users\mohammed\AppData\Local\Temp\ccZO9ngf.s 			page 13


 521      00
 522              		.ident	"GCC: (GNU Tools for ARM Embedded Processors) 4.9.3 20150303 (release) [ARM/embedded-4_9-br
